
[2025-10-11T20:28:13.875Z] INFO: Batch job started
[2025-10-11T20:28:13.876Z] INFO: Found 1 files in 'in' folder
[2025-10-11T20:28:13.876Z] INFO: /home/ruthvikchandravanam/onboarding/onboarding/in/TRX001234567.json
[2025-10-11T20:28:13.878Z] INFO: Processing started
[2025-10-11T20:28:13.878Z] INFO: /home/ruthvikchandravanam/onboarding/onboarding/in/TRX001234567.json
[2025-10-11T20:28:13.878Z] INFO: {
  "tokenRequestorId": "TRX001234567",
  "publicKey": "-----BEGIN PUBLIC KEY-----\nMIIBIjANBgkqhkiG9w0BAQEFAAOCAQ8AMIIBCgKCAQEAn...\n-----END PUBLIC KEY-----",
  "presentationModesSupport": "NFC,QR,InApp",
  "keyId": "key-abc-123",
  "isIssuerWallet": "Y",
  "createdBy": "admin_user",
  "createdDate": "2025-10-11T14:30:00Z",
  "updatedBy": "admin_user",
  "updatedDate": "2025-10-11T15:00:00Z",
  "hashKey": "abc123hashkeyvalue",
  "requestorType": "Bank",
  "tokenServiceDomain": "payments.example.com",
  "tokenRequestorName": "Example Bank",
  "tokenRequestorLogoUrl": "https://example.com/logo.png",
  "tokenRequestorSignatureUrl": "https://example.com/signature.png",
  "tokenRequestorDsAgreementUrl": "https://example.com/agreement.pdf",
  "tokenRequestorDsAgreementId": "AG12345",
  "tokenRequestorDsAgreementVer": "v2.0",
  "tokenRequestorDsAgreementDt": "2025-10-01",
  "issuerSubmittedTokenRequestor": "N",
  "tokenRequestorContactEmail": "contact@example.com",
  "tokenRequestorContactName": "Jane Doe",
  "tokenRequestorContactPhone": "+971501234567",
  "tokenRequestorContactTitle": "Partnership Manager",
  "tokenRequestorContactUrl": "https://example.com/contact",
  "tokenRequestorTokenServiceUrl": "https://api.example.com/token",
  "tokenRequestorTokenServiceVer": "1.0.0",
  "tokenRequestorTokenServiceDt": "2025-09-30",
  "tokenRequestorLogoPath": "/assets/logos/example.png",
  "tokenRequestorSignaturePath": "/assets/signatures/example.png",
  "tokenRequestorDsAgreementPath": "/docs/agreement.pdf",
  "kekId": "kek-001",
  "kekValue": "encrypted-kek-value",
  "dekId": "dek-001",
  "dekValue": "encrypted-dek-value",
  "rsaKey": "MIIBIjANBgkqhkiG9w0BAQEFAAOCAQ8AMIIBCgKCAQEAn...",
  "rsaAlgorithm": "RSA1_5"
}
[2025-10-11T20:28:13.917Z] INFO: ✅ File moved to: /home/ruthvikchandravanam/onboarding/onboarding/done
[2025-10-11T20:28:13.917Z] INFO: Batch job completed

[2025-10-11T21:40:28.601Z] INFO: Batch job started
[2025-10-11T21:40:28.601Z] INFO: Found 0 files in 'in' folder
[2025-10-11T21:40:28.603Z] INFO: Processing started
[2025-10-11T21:40:28.604Z] INFO: Batch job completed

[2025-10-11T22:47:09.332Z] INFO: Batch job started
[2025-10-11T22:47:09.333Z] INFO: Found 1 files in 'in' folder
[2025-10-11T22:47:09.333Z] INFO: /home/ruthvikchandravanam/onboarding/onboarding/in/TRX001234567.json
[2025-10-11T22:47:09.334Z] INFO: Processing started
[2025-10-11T22:47:09.334Z] INFO: /home/ruthvikchandravanam/onboarding/onboarding/in/TRX001234567.json
[2025-10-11T22:47:09.335Z] INFO: {
  "tokenRequestorId": "TRX001234567",
  "publicKey": "-----BEGIN PUBLIC KEY-----\nMIIBIjANBgkqhkiG9w0BAQEFAAOCAQ8AMIIBCgKCAQEAn...\n-----END PUBLIC KEY-----",
  "presentationModesSupport": "NFC,QR,InApp",
  "keyId": "key-abc-123",
  "isIssuerWallet": "Y",
  "createdBy": "admin_user",
  "createdDate": "2025-10-11T14:30:00Z",
  "updatedBy": "admin_user",
  "updatedDate": "2025-10-11T15:00:00Z",
  "hashKey": "abc123hashkeyvalue",
  "requestorType": "Bank",
  "tokenServiceDomain": "payments.example.com",
  "tokenRequestorName": "Example Bank",
  "tokenRequestorLogoUrl": "https://example.com/logo.png",
  "tokenRequestorSignatureUrl": "https://example.com/signature.png",
  "tokenRequestorDsAgreementUrl": "https://example.com/agreement.pdf",
  "tokenRequestorDsAgreementId": "AG12345",
  "tokenRequestorDsAgreementVer": "v2.0",
  "tokenRequestorDsAgreementDt": "2025-10-01",
  "issuerSubmittedTokenRequestor": "N",
  "tokenRequestorContactEmail": "contact@example.com",
  "tokenRequestorContactName": "Jane Doe",
  "tokenRequestorContactPhone": "+971501234567",
  "tokenRequestorContactTitle": "Partnership Manager",
  "tokenRequestorContactUrl": "https://example.com/contact",
  "tokenRequestorTokenServiceUrl": "https://api.example.com/token",
  "tokenRequestorTokenServiceVer": "1.0.0",
  "tokenRequestorTokenServiceDt": "2025-09-30",
  "tokenRequestorLogoPath": "/assets/logos/example.png",
  "tokenRequestorSignaturePath": "/assets/signatures/example.png",
  "tokenRequestorDsAgreementPath": "/docs/agreement.pdf",
  "kekId": "kek-001",
  "kekValue": "encrypted-kek-value",
  "dekId": "dek-001",
  "dekValue": "encrypted-dek-value",
  "rsaKey": "MIIBIjANBgkqhkiG9w0BAQEFAAOCAQ8AMIIBCgKCAQEAn...",
  "rsaAlgorithm": "RSA1_5"
}
[2025-10-11T22:47:09.356Z] ERROR: Error: DataTypeNotSupportedError: Data type "timestamp" in "IssuerORM.updatedAt" is not supported by "sqlite" database.
[2025-10-11T22:47:09.356Z] INFO: Batch job completed

[2025-10-11T22:49:40.010Z] INFO: Batch job started
[2025-10-11T22:49:40.011Z] INFO: Found 1 files in 'in' folder
[2025-10-11T22:49:40.011Z] INFO: /home/ruthvikchandravanam/onboarding/onboarding/in/TRX001234567.json
[2025-10-11T22:49:40.013Z] INFO: Processing started
[2025-10-11T22:49:40.013Z] INFO: /home/ruthvikchandravanam/onboarding/onboarding/in/TRX001234567.json
[2025-10-11T22:49:40.013Z] INFO: {
  "tokenRequestorId": "TRX001234567",
  "publicKey": "-----BEGIN PUBLIC KEY-----\nMIIBIjANBgkqhkiG9w0BAQEFAAOCAQ8AMIIBCgKCAQEAn...\n-----END PUBLIC KEY-----",
  "presentationModesSupport": "NFC,QR,InApp",
  "keyId": "key-abc-123",
  "isIssuerWallet": "Y",
  "createdBy": "admin_user",
  "createdDate": "2025-10-11T14:30:00Z",
  "updatedBy": "admin_user",
  "updatedDate": "2025-10-11T15:00:00Z",
  "hashKey": "abc123hashkeyvalue",
  "requestorType": "Bank",
  "tokenServiceDomain": "payments.example.com",
  "tokenRequestorName": "Example Bank",
  "tokenRequestorLogoUrl": "https://example.com/logo.png",
  "tokenRequestorSignatureUrl": "https://example.com/signature.png",
  "tokenRequestorDsAgreementUrl": "https://example.com/agreement.pdf",
  "tokenRequestorDsAgreementId": "AG12345",
  "tokenRequestorDsAgreementVer": "v2.0",
  "tokenRequestorDsAgreementDt": "2025-10-01",
  "issuerSubmittedTokenRequestor": "N",
  "tokenRequestorContactEmail": "contact@example.com",
  "tokenRequestorContactName": "Jane Doe",
  "tokenRequestorContactPhone": "+971501234567",
  "tokenRequestorContactTitle": "Partnership Manager",
  "tokenRequestorContactUrl": "https://example.com/contact",
  "tokenRequestorTokenServiceUrl": "https://api.example.com/token",
  "tokenRequestorTokenServiceVer": "1.0.0",
  "tokenRequestorTokenServiceDt": "2025-09-30",
  "tokenRequestorLogoPath": "/assets/logos/example.png",
  "tokenRequestorSignaturePath": "/assets/signatures/example.png",
  "tokenRequestorDsAgreementPath": "/docs/agreement.pdf",
  "kekId": "kek-001",
  "kekValue": "encrypted-kek-value",
  "dekId": "dek-001",
  "dekValue": "encrypted-dek-value",
  "rsaKey": "MIIBIjANBgkqhkiG9w0BAQEFAAOCAQ8AMIIBCgKCAQEAn...",
  "rsaAlgorithm": "RSA1_5"
}
[2025-10-11T22:49:40.042Z] ERROR: Error: DataTypeNotSupportedError: Data type "mediumtext" in "IssuerORM.metaData" is not supported by "sqlite" database.
[2025-10-11T22:49:40.042Z] INFO: Batch job completed

[2025-10-11T22:50:26.237Z] INFO: Batch job started
[2025-10-11T22:50:26.237Z] INFO: Found 1 files in 'in' folder
[2025-10-11T22:50:26.237Z] INFO: /home/ruthvikchandravanam/onboarding/onboarding/in/TRX001234567.json
[2025-10-11T22:50:26.238Z] INFO: Processing started
[2025-10-11T22:50:26.238Z] INFO: /home/ruthvikchandravanam/onboarding/onboarding/in/TRX001234567.json
[2025-10-11T22:50:26.239Z] INFO: {
  "tokenRequestorId": "TRX001234567",
  "publicKey": "-----BEGIN PUBLIC KEY-----\nMIIBIjANBgkqhkiG9w0BAQEFAAOCAQ8AMIIBCgKCAQEAn...\n-----END PUBLIC KEY-----",
  "presentationModesSupport": "NFC,QR,InApp",
  "keyId": "key-abc-123",
  "isIssuerWallet": "Y",
  "createdBy": "admin_user",
  "createdDate": "2025-10-11T14:30:00Z",
  "updatedBy": "admin_user",
  "updatedDate": "2025-10-11T15:00:00Z",
  "hashKey": "abc123hashkeyvalue",
  "requestorType": "Bank",
  "tokenServiceDomain": "payments.example.com",
  "tokenRequestorName": "Example Bank",
  "tokenRequestorLogoUrl": "https://example.com/logo.png",
  "tokenRequestorSignatureUrl": "https://example.com/signature.png",
  "tokenRequestorDsAgreementUrl": "https://example.com/agreement.pdf",
  "tokenRequestorDsAgreementId": "AG12345",
  "tokenRequestorDsAgreementVer": "v2.0",
  "tokenRequestorDsAgreementDt": "2025-10-01",
  "issuerSubmittedTokenRequestor": "N",
  "tokenRequestorContactEmail": "contact@example.com",
  "tokenRequestorContactName": "Jane Doe",
  "tokenRequestorContactPhone": "+971501234567",
  "tokenRequestorContactTitle": "Partnership Manager",
  "tokenRequestorContactUrl": "https://example.com/contact",
  "tokenRequestorTokenServiceUrl": "https://api.example.com/token",
  "tokenRequestorTokenServiceVer": "1.0.0",
  "tokenRequestorTokenServiceDt": "2025-09-30",
  "tokenRequestorLogoPath": "/assets/logos/example.png",
  "tokenRequestorSignaturePath": "/assets/signatures/example.png",
  "tokenRequestorDsAgreementPath": "/docs/agreement.pdf",
  "kekId": "kek-001",
  "kekValue": "encrypted-kek-value",
  "dekId": "dek-001",
  "dekValue": "encrypted-dek-value",
  "rsaKey": "MIIBIjANBgkqhkiG9w0BAQEFAAOCAQ8AMIIBCgKCAQEAn...",
  "rsaAlgorithm": "RSA1_5"
}
[2025-10-11T22:50:26.252Z] ERROR: Error: DataTypeNotSupportedError: Data type "char" in "IssuerBinORM.isReusable" is not supported by "sqlite" database.
[2025-10-11T22:50:26.253Z] INFO: Batch job completed

[2025-10-11T22:51:11.136Z] INFO: Batch job started
[2025-10-11T22:51:11.137Z] INFO: Found 1 files in 'in' folder
[2025-10-11T22:51:11.137Z] INFO: /home/ruthvikchandravanam/onboarding/onboarding/in/TRX001234567.json
[2025-10-11T22:51:11.138Z] INFO: Processing started
[2025-10-11T22:51:11.138Z] INFO: /home/ruthvikchandravanam/onboarding/onboarding/in/TRX001234567.json
[2025-10-11T22:51:11.138Z] INFO: {
  "tokenRequestorId": "TRX001234567",
  "publicKey": "-----BEGIN PUBLIC KEY-----\nMIIBIjANBgkqhkiG9w0BAQEFAAOCAQ8AMIIBCgKCAQEAn...\n-----END PUBLIC KEY-----",
  "presentationModesSupport": "NFC,QR,InApp",
  "keyId": "key-abc-123",
  "isIssuerWallet": "Y",
  "createdBy": "admin_user",
  "createdDate": "2025-10-11T14:30:00Z",
  "updatedBy": "admin_user",
  "updatedDate": "2025-10-11T15:00:00Z",
  "hashKey": "abc123hashkeyvalue",
  "requestorType": "Bank",
  "tokenServiceDomain": "payments.example.com",
  "tokenRequestorName": "Example Bank",
  "tokenRequestorLogoUrl": "https://example.com/logo.png",
  "tokenRequestorSignatureUrl": "https://example.com/signature.png",
  "tokenRequestorDsAgreementUrl": "https://example.com/agreement.pdf",
  "tokenRequestorDsAgreementId": "AG12345",
  "tokenRequestorDsAgreementVer": "v2.0",
  "tokenRequestorDsAgreementDt": "2025-10-01",
  "issuerSubmittedTokenRequestor": "N",
  "tokenRequestorContactEmail": "contact@example.com",
  "tokenRequestorContactName": "Jane Doe",
  "tokenRequestorContactPhone": "+971501234567",
  "tokenRequestorContactTitle": "Partnership Manager",
  "tokenRequestorContactUrl": "https://example.com/contact",
  "tokenRequestorTokenServiceUrl": "https://api.example.com/token",
  "tokenRequestorTokenServiceVer": "1.0.0",
  "tokenRequestorTokenServiceDt": "2025-09-30",
  "tokenRequestorLogoPath": "/assets/logos/example.png",
  "tokenRequestorSignaturePath": "/assets/signatures/example.png",
  "tokenRequestorDsAgreementPath": "/docs/agreement.pdf",
  "kekId": "kek-001",
  "kekValue": "encrypted-kek-value",
  "dekId": "dek-001",
  "dekValue": "encrypted-dek-value",
  "rsaKey": "MIIBIjANBgkqhkiG9w0BAQEFAAOCAQ8AMIIBCgKCAQEAn...",
  "rsaAlgorithm": "RSA1_5"
}
[2025-10-11T22:51:11.157Z] ERROR: Error: TypeORMError: Column maxOtpRetryCount of Entity IssuerBinORM does not support length property.
[2025-10-11T22:51:11.157Z] INFO: Batch job completed

[2025-10-11T22:51:53.477Z] INFO: Batch job started
[2025-10-11T22:51:53.478Z] INFO: Found 1 files in 'in' folder
[2025-10-11T22:51:53.478Z] INFO: /home/ruthvikchandravanam/onboarding/onboarding/in/TRX001234567.json
[2025-10-11T22:51:53.479Z] INFO: Processing started
[2025-10-11T22:51:53.479Z] INFO: /home/ruthvikchandravanam/onboarding/onboarding/in/TRX001234567.json
[2025-10-11T22:51:53.479Z] INFO: {
  "tokenRequestorId": "TRX001234567",
  "publicKey": "-----BEGIN PUBLIC KEY-----\nMIIBIjANBgkqhkiG9w0BAQEFAAOCAQ8AMIIBCgKCAQEAn...\n-----END PUBLIC KEY-----",
  "presentationModesSupport": "NFC,QR,InApp",
  "keyId": "key-abc-123",
  "isIssuerWallet": "Y",
  "createdBy": "admin_user",
  "createdDate": "2025-10-11T14:30:00Z",
  "updatedBy": "admin_user",
  "updatedDate": "2025-10-11T15:00:00Z",
  "hashKey": "abc123hashkeyvalue",
  "requestorType": "Bank",
  "tokenServiceDomain": "payments.example.com",
  "tokenRequestorName": "Example Bank",
  "tokenRequestorLogoUrl": "https://example.com/logo.png",
  "tokenRequestorSignatureUrl": "https://example.com/signature.png",
  "tokenRequestorDsAgreementUrl": "https://example.com/agreement.pdf",
  "tokenRequestorDsAgreementId": "AG12345",
  "tokenRequestorDsAgreementVer": "v2.0",
  "tokenRequestorDsAgreementDt": "2025-10-01",
  "issuerSubmittedTokenRequestor": "N",
  "tokenRequestorContactEmail": "contact@example.com",
  "tokenRequestorContactName": "Jane Doe",
  "tokenRequestorContactPhone": "+971501234567",
  "tokenRequestorContactTitle": "Partnership Manager",
  "tokenRequestorContactUrl": "https://example.com/contact",
  "tokenRequestorTokenServiceUrl": "https://api.example.com/token",
  "tokenRequestorTokenServiceVer": "1.0.0",
  "tokenRequestorTokenServiceDt": "2025-09-30",
  "tokenRequestorLogoPath": "/assets/logos/example.png",
  "tokenRequestorSignaturePath": "/assets/signatures/example.png",
  "tokenRequestorDsAgreementPath": "/docs/agreement.pdf",
  "kekId": "kek-001",
  "kekValue": "encrypted-kek-value",
  "dekId": "dek-001",
  "dekValue": "encrypted-dek-value",
  "rsaKey": "MIIBIjANBgkqhkiG9w0BAQEFAAOCAQ8AMIIBCgKCAQEAn...",
  "rsaAlgorithm": "RSA1_5"
}
[2025-10-11T22:51:53.506Z] ERROR: Error: QueryFailedError: SQLITE_ERROR: cannot start a transaction within a transaction
[2025-10-11T22:51:53.506Z] INFO: Batch job completed

[2025-10-11T22:53:11.511Z] INFO: Batch job started
[2025-10-11T22:53:11.512Z] INFO: Found 1 files in 'in' folder
[2025-10-11T22:53:11.513Z] INFO: /home/ruthvikchandravanam/onboarding/onboarding/in/TRX001234567.json
[2025-10-11T22:53:11.514Z] INFO: Processing started
[2025-10-11T22:53:11.514Z] INFO: /home/ruthvikchandravanam/onboarding/onboarding/in/TRX001234567.json
[2025-10-11T22:53:11.515Z] INFO: {
  "tokenRequestorId": "TRX001234567",
  "publicKey": "-----BEGIN PUBLIC KEY-----\nMIIBIjANBgkqhkiG9w0BAQEFAAOCAQ8AMIIBCgKCAQEAn...\n-----END PUBLIC KEY-----",
  "presentationModesSupport": "NFC,QR,InApp",
  "keyId": "key-abc-123",
  "isIssuerWallet": "Y",
  "createdBy": "admin_user",
  "createdDate": "2025-10-11T14:30:00Z",
  "updatedBy": "admin_user",
  "updatedDate": "2025-10-11T15:00:00Z",
  "hashKey": "abc123hashkeyvalue",
  "requestorType": "Bank",
  "tokenServiceDomain": "payments.example.com",
  "tokenRequestorName": "Example Bank",
  "tokenRequestorLogoUrl": "https://example.com/logo.png",
  "tokenRequestorSignatureUrl": "https://example.com/signature.png",
  "tokenRequestorDsAgreementUrl": "https://example.com/agreement.pdf",
  "tokenRequestorDsAgreementId": "AG12345",
  "tokenRequestorDsAgreementVer": "v2.0",
  "tokenRequestorDsAgreementDt": "2025-10-01",
  "issuerSubmittedTokenRequestor": "N",
  "tokenRequestorContactEmail": "contact@example.com",
  "tokenRequestorContactName": "Jane Doe",
  "tokenRequestorContactPhone": "+971501234567",
  "tokenRequestorContactTitle": "Partnership Manager",
  "tokenRequestorContactUrl": "https://example.com/contact",
  "tokenRequestorTokenServiceUrl": "https://api.example.com/token",
  "tokenRequestorTokenServiceVer": "1.0.0",
  "tokenRequestorTokenServiceDt": "2025-09-30",
  "tokenRequestorLogoPath": "/assets/logos/example.png",
  "tokenRequestorSignaturePath": "/assets/signatures/example.png",
  "tokenRequestorDsAgreementPath": "/docs/agreement.pdf",
  "kekId": "kek-001",
  "kekValue": "encrypted-kek-value",
  "dekId": "dek-001",
  "dekValue": "encrypted-dek-value",
  "rsaKey": "MIIBIjANBgkqhkiG9w0BAQEFAAOCAQ8AMIIBCgKCAQEAn...",
  "rsaAlgorithm": "RSA1_5"
}
[2025-10-11T22:53:11.536Z] ERROR: Error: QueryFailedError: SQLITE_ERROR: cannot start a transaction within a transaction
[2025-10-11T22:53:11.537Z] INFO: Batch job completed

[2025-10-11T22:53:55.337Z] INFO: Batch job started
[2025-10-11T22:53:55.338Z] INFO: Found 1 files in 'in' folder
[2025-10-11T22:53:55.338Z] INFO: /home/ruthvikchandravanam/onboarding/onboarding/in/TRX001234567.json
[2025-10-11T22:53:55.338Z] INFO: Processing started
[2025-10-11T22:53:55.338Z] INFO: /home/ruthvikchandravanam/onboarding/onboarding/in/TRX001234567.json
[2025-10-11T22:53:55.339Z] INFO: {
  "tokenRequestorId": "TRX001234567",
  "publicKey": "-----BEGIN PUBLIC KEY-----\nMIIBIjANBgkqhkiG9w0BAQEFAAOCAQ8AMIIBCgKCAQEAn...\n-----END PUBLIC KEY-----",
  "presentationModesSupport": "NFC,QR,InApp",
  "keyId": "key-abc-123",
  "isIssuerWallet": "Y",
  "createdBy": "admin_user",
  "createdDate": "2025-10-11T14:30:00Z",
  "updatedBy": "admin_user",
  "updatedDate": "2025-10-11T15:00:00Z",
  "hashKey": "abc123hashkeyvalue",
  "requestorType": "Bank",
  "tokenServiceDomain": "payments.example.com",
  "tokenRequestorName": "Example Bank",
  "tokenRequestorLogoUrl": "https://example.com/logo.png",
  "tokenRequestorSignatureUrl": "https://example.com/signature.png",
  "tokenRequestorDsAgreementUrl": "https://example.com/agreement.pdf",
  "tokenRequestorDsAgreementId": "AG12345",
  "tokenRequestorDsAgreementVer": "v2.0",
  "tokenRequestorDsAgreementDt": "2025-10-01",
  "issuerSubmittedTokenRequestor": "N",
  "tokenRequestorContactEmail": "contact@example.com",
  "tokenRequestorContactName": "Jane Doe",
  "tokenRequestorContactPhone": "+971501234567",
  "tokenRequestorContactTitle": "Partnership Manager",
  "tokenRequestorContactUrl": "https://example.com/contact",
  "tokenRequestorTokenServiceUrl": "https://api.example.com/token",
  "tokenRequestorTokenServiceVer": "1.0.0",
  "tokenRequestorTokenServiceDt": "2025-09-30",
  "tokenRequestorLogoPath": "/assets/logos/example.png",
  "tokenRequestorSignaturePath": "/assets/signatures/example.png",
  "tokenRequestorDsAgreementPath": "/docs/agreement.pdf",
  "kekId": "kek-001",
  "kekValue": "encrypted-kek-value",
  "dekId": "dek-001",
  "dekValue": "encrypted-dek-value",
  "rsaKey": "MIIBIjANBgkqhkiG9w0BAQEFAAOCAQ8AMIIBCgKCAQEAn...",
  "rsaAlgorithm": "RSA1_5"
}
[2025-10-11T22:53:55.360Z] ERROR: Error: QueryFailedError: SQLITE_ERROR: near "`TIMESTAMP`": syntax error
[2025-10-11T22:53:55.360Z] INFO: Batch job completed

[2025-10-11T22:54:43.817Z] INFO: Batch job started
[2025-10-11T22:54:43.818Z] INFO: Found 1 files in 'in' folder
[2025-10-11T22:54:43.818Z] INFO: /home/ruthvikchandravanam/onboarding/onboarding/in/TRX001234567.json
[2025-10-11T22:54:43.818Z] INFO: Processing started
[2025-10-11T22:54:43.818Z] INFO: /home/ruthvikchandravanam/onboarding/onboarding/in/TRX001234567.json
[2025-10-11T22:54:43.819Z] INFO: {
  "tokenRequestorId": "TRX001234567",
  "publicKey": "-----BEGIN PUBLIC KEY-----\nMIIBIjANBgkqhkiG9w0BAQEFAAOCAQ8AMIIBCgKCAQEAn...\n-----END PUBLIC KEY-----",
  "presentationModesSupport": "NFC,QR,InApp",
  "keyId": "key-abc-123",
  "isIssuerWallet": "Y",
  "createdBy": "admin_user",
  "createdDate": "2025-10-11T14:30:00Z",
  "updatedBy": "admin_user",
  "updatedDate": "2025-10-11T15:00:00Z",
  "hashKey": "abc123hashkeyvalue",
  "requestorType": "Bank",
  "tokenServiceDomain": "payments.example.com",
  "tokenRequestorName": "Example Bank",
  "tokenRequestorLogoUrl": "https://example.com/logo.png",
  "tokenRequestorSignatureUrl": "https://example.com/signature.png",
  "tokenRequestorDsAgreementUrl": "https://example.com/agreement.pdf",
  "tokenRequestorDsAgreementId": "AG12345",
  "tokenRequestorDsAgreementVer": "v2.0",
  "tokenRequestorDsAgreementDt": "2025-10-01",
  "issuerSubmittedTokenRequestor": "N",
  "tokenRequestorContactEmail": "contact@example.com",
  "tokenRequestorContactName": "Jane Doe",
  "tokenRequestorContactPhone": "+971501234567",
  "tokenRequestorContactTitle": "Partnership Manager",
  "tokenRequestorContactUrl": "https://example.com/contact",
  "tokenRequestorTokenServiceUrl": "https://api.example.com/token",
  "tokenRequestorTokenServiceVer": "1.0.0",
  "tokenRequestorTokenServiceDt": "2025-09-30",
  "tokenRequestorLogoPath": "/assets/logos/example.png",
  "tokenRequestorSignaturePath": "/assets/signatures/example.png",
  "tokenRequestorDsAgreementPath": "/docs/agreement.pdf",
  "kekId": "kek-001",
  "kekValue": "encrypted-kek-value",
  "dekId": "dek-001",
  "dekValue": "encrypted-dek-value",
  "rsaKey": "MIIBIjANBgkqhkiG9w0BAQEFAAOCAQ8AMIIBCgKCAQEAn...",
  "rsaAlgorithm": "RSA1_5"
}
[2025-10-11T22:54:43.845Z] ERROR: Error: QueryFailedError: SQLITE_ERROR: near "`TIMESTAMP`": syntax error
[2025-10-11T22:54:43.845Z] INFO: Batch job completed

[2025-10-11T22:55:39.718Z] INFO: Batch job started
[2025-10-11T22:55:39.719Z] INFO: Found 1 files in 'in' folder
[2025-10-11T22:55:39.719Z] INFO: /home/ruthvikchandravanam/onboarding/onboarding/in/TRX001234567.json
[2025-10-11T22:55:39.719Z] INFO: Processing started
[2025-10-11T22:55:39.719Z] INFO: /home/ruthvikchandravanam/onboarding/onboarding/in/TRX001234567.json
[2025-10-11T22:55:39.719Z] INFO: {
  "tokenRequestorId": "TRX001234567",
  "publicKey": "-----BEGIN PUBLIC KEY-----\nMIIBIjANBgkqhkiG9w0BAQEFAAOCAQ8AMIIBCgKCAQEAn...\n-----END PUBLIC KEY-----",
  "presentationModesSupport": "NFC,QR,InApp",
  "keyId": "key-abc-123",
  "isIssuerWallet": "Y",
  "createdBy": "admin_user",
  "createdDate": "2025-10-11T14:30:00Z",
  "updatedBy": "admin_user",
  "updatedDate": "2025-10-11T15:00:00Z",
  "hashKey": "abc123hashkeyvalue",
  "requestorType": "Bank",
  "tokenServiceDomain": "payments.example.com",
  "tokenRequestorName": "Example Bank",
  "tokenRequestorLogoUrl": "https://example.com/logo.png",
  "tokenRequestorSignatureUrl": "https://example.com/signature.png",
  "tokenRequestorDsAgreementUrl": "https://example.com/agreement.pdf",
  "tokenRequestorDsAgreementId": "AG12345",
  "tokenRequestorDsAgreementVer": "v2.0",
  "tokenRequestorDsAgreementDt": "2025-10-01",
  "issuerSubmittedTokenRequestor": "N",
  "tokenRequestorContactEmail": "contact@example.com",
  "tokenRequestorContactName": "Jane Doe",
  "tokenRequestorContactPhone": "+971501234567",
  "tokenRequestorContactTitle": "Partnership Manager",
  "tokenRequestorContactUrl": "https://example.com/contact",
  "tokenRequestorTokenServiceUrl": "https://api.example.com/token",
  "tokenRequestorTokenServiceVer": "1.0.0",
  "tokenRequestorTokenServiceDt": "2025-09-30",
  "tokenRequestorLogoPath": "/assets/logos/example.png",
  "tokenRequestorSignaturePath": "/assets/signatures/example.png",
  "tokenRequestorDsAgreementPath": "/docs/agreement.pdf",
  "kekId": "kek-001",
  "kekValue": "encrypted-kek-value",
  "dekId": "dek-001",
  "dekValue": "encrypted-dek-value",
  "rsaKey": "MIIBIjANBgkqhkiG9w0BAQEFAAOCAQ8AMIIBCgKCAQEAn...",
  "rsaAlgorithm": "RSA1_5"
}
[2025-10-11T22:55:39.770Z] INFO: ✅ File moved to: /home/ruthvikchandravanam/onboarding/onboarding/done
[2025-10-11T22:55:39.770Z] INFO: Batch job completed

[2025-10-11T22:55:55.835Z] INFO: Batch job started
[2025-10-11T22:55:55.836Z] INFO: Found 0 files in 'in' folder
[2025-10-11T22:55:55.843Z] INFO: Processing started
[2025-10-11T22:55:55.844Z] INFO: Batch job completed

[2025-10-12T12:14:33.465Z] INFO: Batch job started
[2025-10-12T12:14:33.465Z] INFO: Found 0 files in 'in' folder
[2025-10-12T12:14:33.467Z] INFO: Processing started
[2025-10-12T12:14:33.467Z] INFO: Batch job completed

[2025-10-12T12:14:48.138Z] INFO: Batch job started
[2025-10-12T12:14:48.139Z] INFO: Found 1 files in 'in' folder
[2025-10-12T12:14:48.140Z] INFO: /home/ruthvikchandravanam/onboarding/onboarding/in/TRX001234567.json
[2025-10-12T12:14:48.140Z] INFO: Processing started
[2025-10-12T12:14:48.140Z] INFO: /home/ruthvikchandravanam/onboarding/onboarding/in/TRX001234567.json
[2025-10-12T12:14:48.141Z] INFO: {
  "tokenRequestorId": "TRX001234567",
  "publicKey": "-----BEGIN PUBLIC KEY-----\nMIIBIjANBgkqhkiG9w0BAQEFAAOCAQ8AMIIBCgKCAQEAn...\n-----END PUBLIC KEY-----",
  "presentationModesSupport": "NFC,QR,InApp",
  "keyId": "key-abc-123",
  "isIssuerWallet": "Y",
  "createdBy": "admin_user",
  "createdDate": "2025-10-11T14:30:00Z",
  "updatedBy": "admin_user",
  "updatedDate": "2025-10-11T15:00:00Z",
  "hashKey": "abc123hashkeyvalue",
  "requestorType": "Bank",
  "tokenServiceDomain": "payments.example.com",
  "tokenRequestorName": "Example Bank",
  "tokenRequestorLogoUrl": "https://example.com/logo.png",
  "tokenRequestorSignatureUrl": "https://example.com/signature.png",
  "tokenRequestorDsAgreementUrl": "https://example.com/agreement.pdf",
  "tokenRequestorDsAgreementId": "AG12345",
  "tokenRequestorDsAgreementVer": "v2.0",
  "tokenRequestorDsAgreementDt": "2025-10-01",
  "issuerSubmittedTokenRequestor": "N",
  "tokenRequestorContactEmail": "contact@example.com",
  "tokenRequestorContactName": "Jane Doe",
  "tokenRequestorContactPhone": "+971501234567",
  "tokenRequestorContactTitle": "Partnership Manager",
  "tokenRequestorContactUrl": "https://example.com/contact",
  "tokenRequestorTokenServiceUrl": "https://api.example.com/token",
  "tokenRequestorTokenServiceVer": "1.0.0",
  "tokenRequestorTokenServiceDt": "2025-09-30",
  "tokenRequestorLogoPath": "/assets/logos/example.png",
  "tokenRequestorSignaturePath": "/assets/signatures/example.png",
  "tokenRequestorDsAgreementPath": "/docs/agreement.pdf",
  "kekId": "kek-001",
  "kekValue": "encrypted-kek-value",
  "dekId": "dek-001",
  "dekValue": "encrypted-dek-value",
  "rsaKey": "MIIBIjANBgkqhkiG9w0BAQEFAAOCAQ8AMIIBCgKCAQEAn...",
  "rsaAlgorithm": "RSA1_5"
}
[2025-10-12T12:14:48.185Z] ERROR: Error: Error: ER_NOT_SUPPORTED_AUTH_MODE: Client does not support authentication protocol requested by server; consider upgrading MySQL client
[2025-10-12T12:14:48.185Z] INFO: Batch job completed

[2025-10-12T12:16:01.617Z] INFO: Batch job started
[2025-10-12T12:16:01.618Z] INFO: Found 1 files in 'in' folder
[2025-10-12T12:16:01.618Z] INFO: /home/ruthvikchandravanam/onboarding/onboarding/in/TRX001234567.json
[2025-10-12T12:16:01.618Z] INFO: Processing started
[2025-10-12T12:16:01.618Z] INFO: /home/ruthvikchandravanam/onboarding/onboarding/in/TRX001234567.json
[2025-10-12T12:16:01.618Z] INFO: {
  "tokenRequestorId": "TRX001234567",
  "publicKey": "-----BEGIN PUBLIC KEY-----\nMIIBIjANBgkqhkiG9w0BAQEFAAOCAQ8AMIIBCgKCAQEAn...\n-----END PUBLIC KEY-----",
  "presentationModesSupport": "NFC,QR,InApp",
  "keyId": "key-abc-123",
  "isIssuerWallet": "Y",
  "createdBy": "admin_user",
  "createdDate": "2025-10-11T14:30:00Z",
  "updatedBy": "admin_user",
  "updatedDate": "2025-10-11T15:00:00Z",
  "hashKey": "abc123hashkeyvalue",
  "requestorType": "Bank",
  "tokenServiceDomain": "payments.example.com",
  "tokenRequestorName": "Example Bank",
  "tokenRequestorLogoUrl": "https://example.com/logo.png",
  "tokenRequestorSignatureUrl": "https://example.com/signature.png",
  "tokenRequestorDsAgreementUrl": "https://example.com/agreement.pdf",
  "tokenRequestorDsAgreementId": "AG12345",
  "tokenRequestorDsAgreementVer": "v2.0",
  "tokenRequestorDsAgreementDt": "2025-10-01",
  "issuerSubmittedTokenRequestor": "N",
  "tokenRequestorContactEmail": "contact@example.com",
  "tokenRequestorContactName": "Jane Doe",
  "tokenRequestorContactPhone": "+971501234567",
  "tokenRequestorContactTitle": "Partnership Manager",
  "tokenRequestorContactUrl": "https://example.com/contact",
  "tokenRequestorTokenServiceUrl": "https://api.example.com/token",
  "tokenRequestorTokenServiceVer": "1.0.0",
  "tokenRequestorTokenServiceDt": "2025-09-30",
  "tokenRequestorLogoPath": "/assets/logos/example.png",
  "tokenRequestorSignaturePath": "/assets/signatures/example.png",
  "tokenRequestorDsAgreementPath": "/docs/agreement.pdf",
  "kekId": "kek-001",
  "kekValue": "encrypted-kek-value",
  "dekId": "dek-001",
  "dekValue": "encrypted-dek-value",
  "rsaKey": "MIIBIjANBgkqhkiG9w0BAQEFAAOCAQ8AMIIBCgKCAQEAn...",
  "rsaAlgorithm": "RSA1_5"
}
[2025-10-12T12:16:01.700Z] ERROR: Error: CannotExecuteNotConnectedError: Cannot execute operation on "default" connection because connection is not yet established.
[2025-10-12T12:16:01.700Z] INFO: Batch job completed

[2025-10-12T12:33:23.090Z] INFO: Batch job started
[2025-10-12T12:33:23.091Z] INFO: Found 1 files in 'in' folder
[2025-10-12T12:33:23.091Z] INFO: /home/ruthvikchandravanam/onboarding/onboarding/in/TRX001234567.json
[2025-10-12T12:33:23.092Z] INFO: Processing started
[2025-10-12T12:33:23.092Z] INFO: /home/ruthvikchandravanam/onboarding/onboarding/in/TRX001234567.json
[2025-10-12T12:33:23.093Z] INFO: {
  "tokenRequestorId": "TRX001234567",
  "publicKey": "-----BEGIN PUBLIC KEY-----\nMIIBIjANBgkqhkiG9w0BAQEFAAOCAQ8AMIIBCgKCAQEAn...\n-----END PUBLIC KEY-----",
  "presentationModesSupport": "NFC,QR,InApp",
  "keyId": "key-abc-123",
  "isIssuerWallet": "Y",
  "createdBy": "admin_user",
  "createdDate": "2025-10-11T14:30:00Z",
  "updatedBy": "admin_user",
  "updatedDate": "2025-10-11T15:00:00Z",
  "hashKey": "abc123hashkeyvalue",
  "requestorType": "Bank",
  "tokenServiceDomain": "payments.example.com",
  "tokenRequestorName": "Example Bank",
  "tokenRequestorLogoUrl": "https://example.com/logo.png",
  "tokenRequestorSignatureUrl": "https://example.com/signature.png",
  "tokenRequestorDsAgreementUrl": "https://example.com/agreement.pdf",
  "tokenRequestorDsAgreementId": "AG12345",
  "tokenRequestorDsAgreementVer": "v2.0",
  "tokenRequestorDsAgreementDt": "2025-10-01",
  "issuerSubmittedTokenRequestor": "N",
  "tokenRequestorContactEmail": "contact@example.com",
  "tokenRequestorContactName": "Jane Doe",
  "tokenRequestorContactPhone": "+971501234567",
  "tokenRequestorContactTitle": "Partnership Manager",
  "tokenRequestorContactUrl": "https://example.com/contact",
  "tokenRequestorTokenServiceUrl": "https://api.example.com/token",
  "tokenRequestorTokenServiceVer": "1.0.0",
  "tokenRequestorTokenServiceDt": "2025-09-30",
  "tokenRequestorLogoPath": "/assets/logos/example.png",
  "tokenRequestorSignaturePath": "/assets/signatures/example.png",
  "tokenRequestorDsAgreementPath": "/docs/agreement.pdf",
  "kekId": "kek-001",
  "kekValue": "encrypted-kek-value",
  "dekId": "dek-001",
  "dekValue": "encrypted-dek-value",
  "rsaKey": "MIIBIjANBgkqhkiG9w0BAQEFAAOCAQ8AMIIBCgKCAQEAn...",
  "rsaAlgorithm": "RSA1_5"
}
[2025-10-12T12:33:23.200Z] ERROR: Error: CannotExecuteNotConnectedError: Cannot execute operation on "default" connection because connection is not yet established.
[2025-10-12T12:33:23.200Z] INFO: Batch job completed

[2025-10-12T12:35:43.860Z] INFO: Batch job started
[2025-10-12T12:35:43.861Z] INFO: Found 1 files in 'in' folder
[2025-10-12T12:35:43.861Z] INFO: /home/ruthvikchandravanam/onboarding/onboarding/in/TRX001234567.json
[2025-10-12T12:35:43.862Z] INFO: Processing started
[2025-10-12T12:35:43.862Z] INFO: /home/ruthvikchandravanam/onboarding/onboarding/in/TRX001234567.json
[2025-10-12T12:35:43.862Z] INFO: {
  "tokenRequestorId": "TRX001234567",
  "publicKey": "-----BEGIN PUBLIC KEY-----\nMIIBIjANBgkqhkiG9w0BAQEFAAOCAQ8AMIIBCgKCAQEAn...\n-----END PUBLIC KEY-----",
  "presentationModesSupport": "NFC,QR,InApp",
  "keyId": "key-abc-123",
  "isIssuerWallet": "Y",
  "createdBy": "admin_user",
  "createdDate": "2025-10-11T14:30:00Z",
  "updatedBy": "admin_user",
  "updatedDate": "2025-10-11T15:00:00Z",
  "hashKey": "abc123hashkeyvalue",
  "requestorType": "Bank",
  "tokenServiceDomain": "payments.example.com",
  "tokenRequestorName": "Example Bank",
  "tokenRequestorLogoUrl": "https://example.com/logo.png",
  "tokenRequestorSignatureUrl": "https://example.com/signature.png",
  "tokenRequestorDsAgreementUrl": "https://example.com/agreement.pdf",
  "tokenRequestorDsAgreementId": "AG12345",
  "tokenRequestorDsAgreementVer": "v2.0",
  "tokenRequestorDsAgreementDt": "2025-10-01",
  "issuerSubmittedTokenRequestor": "N",
  "tokenRequestorContactEmail": "contact@example.com",
  "tokenRequestorContactName": "Jane Doe",
  "tokenRequestorContactPhone": "+971501234567",
  "tokenRequestorContactTitle": "Partnership Manager",
  "tokenRequestorContactUrl": "https://example.com/contact",
  "tokenRequestorTokenServiceUrl": "https://api.example.com/token",
  "tokenRequestorTokenServiceVer": "1.0.0",
  "tokenRequestorTokenServiceDt": "2025-09-30",
  "tokenRequestorLogoPath": "/assets/logos/example.png",
  "tokenRequestorSignaturePath": "/assets/signatures/example.png",
  "tokenRequestorDsAgreementPath": "/docs/agreement.pdf",
  "kekId": "kek-001",
  "kekValue": "encrypted-kek-value",
  "dekId": "dek-001",
  "dekValue": "encrypted-dek-value",
  "rsaKey": "MIIBIjANBgkqhkiG9w0BAQEFAAOCAQ8AMIIBCgKCAQEAn...",
  "rsaAlgorithm": "RSA1_5"
}
[2025-10-12T12:35:43.935Z] ERROR: Error: TypeError: value.toUpperCase is not a function
[2025-10-12T12:35:43.936Z] INFO: Batch job completed

[2025-10-12T12:39:06.863Z] INFO: Batch job started
[2025-10-12T12:39:06.864Z] INFO: Found 1 files in 'in' folder
[2025-10-12T12:39:06.864Z] INFO: /home/ruthvikchandravanam/onboarding/onboarding/in/TRX001234567.json
[2025-10-12T12:39:06.865Z] INFO: Processing started
[2025-10-12T12:39:06.865Z] INFO: /home/ruthvikchandravanam/onboarding/onboarding/in/TRX001234567.json
[2025-10-12T12:39:06.865Z] INFO: {
  "tokenRequestorId": "TRX001234567",
  "publicKey": "-----BEGIN PUBLIC KEY-----\nMIIBIjANBgkqhkiG9w0BAQEFAAOCAQ8AMIIBCgKCAQEAn...\n-----END PUBLIC KEY-----",
  "presentationModesSupport": "NFC,QR,InApp",
  "keyId": "key-abc-123",
  "isIssuerWallet": "Y",
  "createdBy": "admin_user",
  "createdDate": "2025-10-11T14:30:00Z",
  "updatedBy": "admin_user",
  "updatedDate": "2025-10-11T15:00:00Z",
  "hashKey": "abc123hashkeyvalue",
  "requestorType": "Bank",
  "tokenServiceDomain": "payments.example.com",
  "tokenRequestorName": "Example Bank",
  "tokenRequestorLogoUrl": "https://example.com/logo.png",
  "tokenRequestorSignatureUrl": "https://example.com/signature.png",
  "tokenRequestorDsAgreementUrl": "https://example.com/agreement.pdf",
  "tokenRequestorDsAgreementId": "AG12345",
  "tokenRequestorDsAgreementVer": "v2.0",
  "tokenRequestorDsAgreementDt": "2025-10-01",
  "issuerSubmittedTokenRequestor": "N",
  "tokenRequestorContactEmail": "contact@example.com",
  "tokenRequestorContactName": "Jane Doe",
  "tokenRequestorContactPhone": "+971501234567",
  "tokenRequestorContactTitle": "Partnership Manager",
  "tokenRequestorContactUrl": "https://example.com/contact",
  "tokenRequestorTokenServiceUrl": "https://api.example.com/token",
  "tokenRequestorTokenServiceVer": "1.0.0",
  "tokenRequestorTokenServiceDt": "2025-09-30",
  "tokenRequestorLogoPath": "/assets/logos/example.png",
  "tokenRequestorSignaturePath": "/assets/signatures/example.png",
  "tokenRequestorDsAgreementPath": "/docs/agreement.pdf",
  "kekId": "kek-001",
  "kekValue": "encrypted-kek-value",
  "dekId": "dek-001",
  "dekValue": "encrypted-dek-value",
  "rsaKey": "MIIBIjANBgkqhkiG9w0BAQEFAAOCAQ8AMIIBCgKCAQEAn...",
  "rsaAlgorithm": "RSA1_5"
}
[2025-10-12T12:39:06.928Z] ERROR: Error: CannotExecuteNotConnectedError: Cannot execute operation on "default" connection because connection is not yet established.
[2025-10-12T12:39:06.928Z] INFO: Batch job completed

[2025-10-12T12:40:18.694Z] INFO: Batch job started
[2025-10-12T12:40:18.695Z] INFO: Found 1 files in 'in' folder
[2025-10-12T12:40:18.695Z] INFO: /home/ruthvikchandravanam/onboarding/onboarding/in/TRX001234567.json
[2025-10-12T12:40:18.696Z] INFO: Processing started
[2025-10-12T12:40:18.696Z] INFO: /home/ruthvikchandravanam/onboarding/onboarding/in/TRX001234567.json
[2025-10-12T12:40:18.696Z] INFO: {
  "tokenRequestorId": "TRX001234567",
  "publicKey": "-----BEGIN PUBLIC KEY-----\nMIIBIjANBgkqhkiG9w0BAQEFAAOCAQ8AMIIBCgKCAQEAn...\n-----END PUBLIC KEY-----",
  "presentationModesSupport": "NFC,QR,InApp",
  "keyId": "key-abc-123",
  "isIssuerWallet": "Y",
  "createdBy": "admin_user",
  "createdDate": "2025-10-11T14:30:00Z",
  "updatedBy": "admin_user",
  "updatedDate": "2025-10-11T15:00:00Z",
  "hashKey": "abc123hashkeyvalue",
  "requestorType": "Bank",
  "tokenServiceDomain": "payments.example.com",
  "tokenRequestorName": "Example Bank",
  "tokenRequestorLogoUrl": "https://example.com/logo.png",
  "tokenRequestorSignatureUrl": "https://example.com/signature.png",
  "tokenRequestorDsAgreementUrl": "https://example.com/agreement.pdf",
  "tokenRequestorDsAgreementId": "AG12345",
  "tokenRequestorDsAgreementVer": "v2.0",
  "tokenRequestorDsAgreementDt": "2025-10-01",
  "issuerSubmittedTokenRequestor": "N",
  "tokenRequestorContactEmail": "contact@example.com",
  "tokenRequestorContactName": "Jane Doe",
  "tokenRequestorContactPhone": "+971501234567",
  "tokenRequestorContactTitle": "Partnership Manager",
  "tokenRequestorContactUrl": "https://example.com/contact",
  "tokenRequestorTokenServiceUrl": "https://api.example.com/token",
  "tokenRequestorTokenServiceVer": "1.0.0",
  "tokenRequestorTokenServiceDt": "2025-09-30",
  "tokenRequestorLogoPath": "/assets/logos/example.png",
  "tokenRequestorSignaturePath": "/assets/signatures/example.png",
  "tokenRequestorDsAgreementPath": "/docs/agreement.pdf",
  "kekId": "kek-001",
  "kekValue": "encrypted-kek-value",
  "dekId": "dek-001",
  "dekValue": "encrypted-dek-value",
  "rsaKey": "MIIBIjANBgkqhkiG9w0BAQEFAAOCAQ8AMIIBCgKCAQEAn...",
  "rsaAlgorithm": "RSA1_5"
}
[2025-10-12T12:40:18.754Z] ERROR: Error: TypeError: value.toUpperCase is not a function
[2025-10-12T12:40:18.754Z] INFO: Batch job completed

[2025-10-12T12:41:33.023Z] INFO: Batch job started
[2025-10-12T12:41:33.024Z] INFO: Found 1 files in 'in' folder
[2025-10-12T12:41:33.024Z] INFO: /home/ruthvikchandravanam/onboarding/onboarding/in/TRX001234567.json
[2025-10-12T12:41:33.025Z] INFO: Processing started
[2025-10-12T12:41:33.025Z] INFO: /home/ruthvikchandravanam/onboarding/onboarding/in/TRX001234567.json
[2025-10-12T12:41:33.026Z] INFO: {
  "tokenRequestorId": "TRX001234567",
  "publicKey": "-----BEGIN PUBLIC KEY-----\nMIIBIjANBgkqhkiG9w0BAQEFAAOCAQ8AMIIBCgKCAQEAn...\n-----END PUBLIC KEY-----",
  "presentationModesSupport": "NFC,QR,InApp",
  "keyId": "key-abc-123",
  "isIssuerWallet": "Y",
  "createdBy": "admin_user",
  "createdDate": "2025-10-11T14:30:00Z",
  "updatedBy": "admin_user",
  "updatedDate": "2025-10-11T15:00:00Z",
  "hashKey": "abc123hashkeyvalue",
  "requestorType": "Bank",
  "tokenServiceDomain": "payments.example.com",
  "tokenRequestorName": "Example Bank",
  "tokenRequestorLogoUrl": "https://example.com/logo.png",
  "tokenRequestorSignatureUrl": "https://example.com/signature.png",
  "tokenRequestorDsAgreementUrl": "https://example.com/agreement.pdf",
  "tokenRequestorDsAgreementId": "AG12345",
  "tokenRequestorDsAgreementVer": "v2.0",
  "tokenRequestorDsAgreementDt": "2025-10-01",
  "issuerSubmittedTokenRequestor": "N",
  "tokenRequestorContactEmail": "contact@example.com",
  "tokenRequestorContactName": "Jane Doe",
  "tokenRequestorContactPhone": "+971501234567",
  "tokenRequestorContactTitle": "Partnership Manager",
  "tokenRequestorContactUrl": "https://example.com/contact",
  "tokenRequestorTokenServiceUrl": "https://api.example.com/token",
  "tokenRequestorTokenServiceVer": "1.0.0",
  "tokenRequestorTokenServiceDt": "2025-09-30",
  "tokenRequestorLogoPath": "/assets/logos/example.png",
  "tokenRequestorSignaturePath": "/assets/signatures/example.png",
  "tokenRequestorDsAgreementPath": "/docs/agreement.pdf",
  "kekId": "kek-001",
  "kekValue": "encrypted-kek-value",
  "dekId": "dek-001",
  "dekValue": "encrypted-dek-value",
  "rsaKey": "MIIBIjANBgkqhkiG9w0BAQEFAAOCAQ8AMIIBCgKCAQEAn...",
  "rsaAlgorithm": "RSA1_5"
}
[2025-10-12T12:41:33.082Z] ERROR: Error: CannotExecuteNotConnectedError: Cannot execute operation on "default" connection because connection is not yet established.
[2025-10-12T12:41:33.082Z] INFO: Batch job completed

[2025-10-12T12:43:08.873Z] INFO: Batch job started
[2025-10-12T12:43:08.874Z] INFO: Found 1 files in 'in' folder
[2025-10-12T12:43:08.874Z] INFO: /home/ruthvikchandravanam/onboarding/onboarding/in/TRX001234567.json
[2025-10-12T12:43:08.875Z] INFO: Processing started
[2025-10-12T12:43:08.875Z] INFO: /home/ruthvikchandravanam/onboarding/onboarding/in/TRX001234567.json
[2025-10-12T12:43:08.876Z] INFO: {
  "tokenRequestorId": "TRX001234567",
  "publicKey": "-----BEGIN PUBLIC KEY-----\nMIIBIjANBgkqhkiG9w0BAQEFAAOCAQ8AMIIBCgKCAQEAn...\n-----END PUBLIC KEY-----",
  "presentationModesSupport": "NFC,QR,InApp",
  "keyId": "key-abc-123",
  "isIssuerWallet": "Y",
  "createdBy": "admin_user",
  "createdDate": "2025-10-11T14:30:00Z",
  "updatedBy": "admin_user",
  "updatedDate": "2025-10-11T15:00:00Z",
  "hashKey": "abc123hashkeyvalue",
  "requestorType": "Bank",
  "tokenServiceDomain": "payments.example.com",
  "tokenRequestorName": "Example Bank",
  "tokenRequestorLogoUrl": "https://example.com/logo.png",
  "tokenRequestorSignatureUrl": "https://example.com/signature.png",
  "tokenRequestorDsAgreementUrl": "https://example.com/agreement.pdf",
  "tokenRequestorDsAgreementId": "AG12345",
  "tokenRequestorDsAgreementVer": "v2.0",
  "tokenRequestorDsAgreementDt": "2025-10-01",
  "issuerSubmittedTokenRequestor": "N",
  "tokenRequestorContactEmail": "contact@example.com",
  "tokenRequestorContactName": "Jane Doe",
  "tokenRequestorContactPhone": "+971501234567",
  "tokenRequestorContactTitle": "Partnership Manager",
  "tokenRequestorContactUrl": "https://example.com/contact",
  "tokenRequestorTokenServiceUrl": "https://api.example.com/token",
  "tokenRequestorTokenServiceVer": "1.0.0",
  "tokenRequestorTokenServiceDt": "2025-09-30",
  "tokenRequestorLogoPath": "/assets/logos/example.png",
  "tokenRequestorSignaturePath": "/assets/signatures/example.png",
  "tokenRequestorDsAgreementPath": "/docs/agreement.pdf",
  "kekId": "kek-001",
  "kekValue": "encrypted-kek-value",
  "dekId": "dek-001",
  "dekValue": "encrypted-dek-value",
  "rsaKey": "MIIBIjANBgkqhkiG9w0BAQEFAAOCAQ8AMIIBCgKCAQEAn...",
  "rsaAlgorithm": "RSA1_5"
}
[2025-10-12T12:43:08.934Z] ERROR: Error: CannotExecuteNotConnectedError: Cannot execute operation on "default" connection because connection is not yet established.
[2025-10-12T12:43:08.934Z] INFO: Batch job completed

[2025-10-12T12:44:20.019Z] INFO: Batch job started
[2025-10-12T12:44:20.020Z] INFO: Found 1 files in 'in' folder
[2025-10-12T12:44:20.020Z] INFO: /home/ruthvikchandravanam/onboarding/onboarding/in/TRX001234567.json
[2025-10-12T12:44:20.020Z] INFO: Processing started
[2025-10-12T12:44:20.021Z] INFO: /home/ruthvikchandravanam/onboarding/onboarding/in/TRX001234567.json
[2025-10-12T12:44:20.021Z] INFO: {
  "tokenRequestorId": "TRX001234567",
  "publicKey": "-----BEGIN PUBLIC KEY-----\nMIIBIjANBgkqhkiG9w0BAQEFAAOCAQ8AMIIBCgKCAQEAn...\n-----END PUBLIC KEY-----",
  "presentationModesSupport": "NFC,QR,InApp",
  "keyId": "key-abc-123",
  "isIssuerWallet": "Y",
  "createdBy": "admin_user",
  "createdDate": "2025-10-11T14:30:00Z",
  "updatedBy": "admin_user",
  "updatedDate": "2025-10-11T15:00:00Z",
  "hashKey": "abc123hashkeyvalue",
  "requestorType": "Bank",
  "tokenServiceDomain": "payments.example.com",
  "tokenRequestorName": "Example Bank",
  "tokenRequestorLogoUrl": "https://example.com/logo.png",
  "tokenRequestorSignatureUrl": "https://example.com/signature.png",
  "tokenRequestorDsAgreementUrl": "https://example.com/agreement.pdf",
  "tokenRequestorDsAgreementId": "AG12345",
  "tokenRequestorDsAgreementVer": "v2.0",
  "tokenRequestorDsAgreementDt": "2025-10-01",
  "issuerSubmittedTokenRequestor": "N",
  "tokenRequestorContactEmail": "contact@example.com",
  "tokenRequestorContactName": "Jane Doe",
  "tokenRequestorContactPhone": "+971501234567",
  "tokenRequestorContactTitle": "Partnership Manager",
  "tokenRequestorContactUrl": "https://example.com/contact",
  "tokenRequestorTokenServiceUrl": "https://api.example.com/token",
  "tokenRequestorTokenServiceVer": "1.0.0",
  "tokenRequestorTokenServiceDt": "2025-09-30",
  "tokenRequestorLogoPath": "/assets/logos/example.png",
  "tokenRequestorSignaturePath": "/assets/signatures/example.png",
  "tokenRequestorDsAgreementPath": "/docs/agreement.pdf",
  "kekId": "kek-001",
  "kekValue": "encrypted-kek-value",
  "dekId": "dek-001",
  "dekValue": "encrypted-dek-value",
  "rsaKey": "MIIBIjANBgkqhkiG9w0BAQEFAAOCAQ8AMIIBCgKCAQEAn...",
  "rsaAlgorithm": "RSA1_5"
}
[2025-10-12T12:44:20.078Z] ERROR: Error: QueryFailedError: Row size too large. The maximum row size for the used table type, not counting BLOBs, is 65535. This includes storage overhead, check the manual. You have to change some columns to TEXT or BLOBs
[2025-10-12T12:44:20.079Z] INFO: Batch job completed

[2025-10-12T12:44:51.393Z] INFO: Batch job started
[2025-10-12T12:44:51.394Z] INFO: Found 1 files in 'in' folder
[2025-10-12T12:44:51.394Z] INFO: /home/ruthvikchandravanam/onboarding/onboarding/in/TRX001234567.json
[2025-10-12T12:44:51.395Z] INFO: Processing started
[2025-10-12T12:44:51.395Z] INFO: /home/ruthvikchandravanam/onboarding/onboarding/in/TRX001234567.json
[2025-10-12T12:44:51.395Z] INFO: {
  "tokenRequestorId": "TRX001234567",
  "publicKey": "-----BEGIN PUBLIC KEY-----\nMIIBIjANBgkqhkiG9w0BAQEFAAOCAQ8AMIIBCgKCAQEAn...\n-----END PUBLIC KEY-----",
  "presentationModesSupport": "NFC,QR,InApp",
  "keyId": "key-abc-123",
  "isIssuerWallet": "Y",
  "createdBy": "admin_user",
  "createdDate": "2025-10-11T14:30:00Z",
  "updatedBy": "admin_user",
  "updatedDate": "2025-10-11T15:00:00Z",
  "hashKey": "abc123hashkeyvalue",
  "requestorType": "Bank",
  "tokenServiceDomain": "payments.example.com",
  "tokenRequestorName": "Example Bank",
  "tokenRequestorLogoUrl": "https://example.com/logo.png",
  "tokenRequestorSignatureUrl": "https://example.com/signature.png",
  "tokenRequestorDsAgreementUrl": "https://example.com/agreement.pdf",
  "tokenRequestorDsAgreementId": "AG12345",
  "tokenRequestorDsAgreementVer": "v2.0",
  "tokenRequestorDsAgreementDt": "2025-10-01",
  "issuerSubmittedTokenRequestor": "N",
  "tokenRequestorContactEmail": "contact@example.com",
  "tokenRequestorContactName": "Jane Doe",
  "tokenRequestorContactPhone": "+971501234567",
  "tokenRequestorContactTitle": "Partnership Manager",
  "tokenRequestorContactUrl": "https://example.com/contact",
  "tokenRequestorTokenServiceUrl": "https://api.example.com/token",
  "tokenRequestorTokenServiceVer": "1.0.0",
  "tokenRequestorTokenServiceDt": "2025-09-30",
  "tokenRequestorLogoPath": "/assets/logos/example.png",
  "tokenRequestorSignaturePath": "/assets/signatures/example.png",
  "tokenRequestorDsAgreementPath": "/docs/agreement.pdf",
  "kekId": "kek-001",
  "kekValue": "encrypted-kek-value",
  "dekId": "dek-001",
  "dekValue": "encrypted-dek-value",
  "rsaKey": "MIIBIjANBgkqhkiG9w0BAQEFAAOCAQ8AMIIBCgKCAQEAn...",
  "rsaAlgorithm": "RSA1_5"
}
[2025-10-12T12:44:51.449Z] ERROR: Error: CannotExecuteNotConnectedError: Cannot execute operation on "default" connection because connection is not yet established.
[2025-10-12T12:44:51.449Z] INFO: Batch job completed

[2025-10-12T12:48:22.979Z] INFO: Batch job started
[2025-10-12T12:48:22.981Z] INFO: Found 1 files in 'in' folder
[2025-10-12T12:48:22.981Z] INFO: /home/ruthvikchandravanam/onboarding/onboarding/in/TRX001234567.json
[2025-10-12T12:48:22.983Z] INFO: Processing started
[2025-10-12T12:48:22.983Z] INFO: /home/ruthvikchandravanam/onboarding/onboarding/in/TRX001234567.json
[2025-10-12T12:48:22.984Z] INFO: {
  "tokenRequestorId": "TRX001234567",
  "publicKey": "-----BEGIN PUBLIC KEY-----\nMIIBIjANBgkqhkiG9w0BAQEFAAOCAQ8AMIIBCgKCAQEAn...\n-----END PUBLIC KEY-----",
  "presentationModesSupport": "NFC,QR,InApp",
  "keyId": "key-abc-123",
  "isIssuerWallet": "Y",
  "createdBy": "admin_user",
  "createdDate": "2025-10-11T14:30:00Z",
  "updatedBy": "admin_user",
  "updatedDate": "2025-10-11T15:00:00Z",
  "hashKey": "abc123hashkeyvalue",
  "requestorType": "Bank",
  "tokenServiceDomain": "payments.example.com",
  "tokenRequestorName": "Example Bank",
  "tokenRequestorLogoUrl": "https://example.com/logo.png",
  "tokenRequestorSignatureUrl": "https://example.com/signature.png",
  "tokenRequestorDsAgreementUrl": "https://example.com/agreement.pdf",
  "tokenRequestorDsAgreementId": "AG12345",
  "tokenRequestorDsAgreementVer": "v2.0",
  "tokenRequestorDsAgreementDt": "2025-10-01",
  "issuerSubmittedTokenRequestor": "N",
  "tokenRequestorContactEmail": "contact@example.com",
  "tokenRequestorContactName": "Jane Doe",
  "tokenRequestorContactPhone": "+971501234567",
  "tokenRequestorContactTitle": "Partnership Manager",
  "tokenRequestorContactUrl": "https://example.com/contact",
  "tokenRequestorTokenServiceUrl": "https://api.example.com/token",
  "tokenRequestorTokenServiceVer": "1.0.0",
  "tokenRequestorTokenServiceDt": "2025-09-30",
  "tokenRequestorLogoPath": "/assets/logos/example.png",
  "tokenRequestorSignaturePath": "/assets/signatures/example.png",
  "tokenRequestorDsAgreementPath": "/docs/agreement.pdf",
  "kekId": "kek-001",
  "kekValue": "encrypted-kek-value",
  "dekId": "dek-001",
  "dekValue": "encrypted-dek-value",
  "rsaKey": "MIIBIjANBgkqhkiG9w0BAQEFAAOCAQ8AMIIBCgKCAQEAn...",
  "rsaAlgorithm": "RSA1_5"
}
[2025-10-12T12:48:23.111Z] ERROR: Error: CannotExecuteNotConnectedError: Cannot execute operation on "default" connection because connection is not yet established.
[2025-10-12T12:48:23.112Z] INFO: Batch job completed

[2025-10-12T12:49:33.265Z] INFO: Batch job started
[2025-10-12T12:49:33.266Z] INFO: Found 1 files in 'in' folder
[2025-10-12T12:49:33.266Z] INFO: /home/ruthvikchandravanam/onboarding/onboarding/in/TRX001234567.json
[2025-10-12T12:49:33.267Z] INFO: Processing started
[2025-10-12T12:49:33.268Z] INFO: /home/ruthvikchandravanam/onboarding/onboarding/in/TRX001234567.json
[2025-10-12T12:49:33.268Z] INFO: {
  "tokenRequestorId": "TRX001234567",
  "publicKey": "-----BEGIN PUBLIC KEY-----\nMIIBIjANBgkqhkiG9w0BAQEFAAOCAQ8AMIIBCgKCAQEAn...\n-----END PUBLIC KEY-----",
  "presentationModesSupport": "NFC,QR,InApp",
  "keyId": "key-abc-123",
  "isIssuerWallet": "Y",
  "createdBy": "admin_user",
  "createdDate": "2025-10-11T14:30:00Z",
  "updatedBy": "admin_user",
  "updatedDate": "2025-10-11T15:00:00Z",
  "hashKey": "abc123hashkeyvalue",
  "requestorType": "Bank",
  "tokenServiceDomain": "payments.example.com",
  "tokenRequestorName": "Example Bank",
  "tokenRequestorLogoUrl": "https://example.com/logo.png",
  "tokenRequestorSignatureUrl": "https://example.com/signature.png",
  "tokenRequestorDsAgreementUrl": "https://example.com/agreement.pdf",
  "tokenRequestorDsAgreementId": "AG12345",
  "tokenRequestorDsAgreementVer": "v2.0",
  "tokenRequestorDsAgreementDt": "2025-10-01",
  "issuerSubmittedTokenRequestor": "N",
  "tokenRequestorContactEmail": "contact@example.com",
  "tokenRequestorContactName": "Jane Doe",
  "tokenRequestorContactPhone": "+971501234567",
  "tokenRequestorContactTitle": "Partnership Manager",
  "tokenRequestorContactUrl": "https://example.com/contact",
  "tokenRequestorTokenServiceUrl": "https://api.example.com/token",
  "tokenRequestorTokenServiceVer": "1.0.0",
  "tokenRequestorTokenServiceDt": "2025-09-30",
  "tokenRequestorLogoPath": "/assets/logos/example.png",
  "tokenRequestorSignaturePath": "/assets/signatures/example.png",
  "tokenRequestorDsAgreementPath": "/docs/agreement.pdf",
  "kekId": "kek-001",
  "kekValue": "encrypted-kek-value",
  "dekId": "dek-001",
  "dekValue": "encrypted-dek-value",
  "rsaKey": "MIIBIjANBgkqhkiG9w0BAQEFAAOCAQ8AMIIBCgKCAQEAn...",
  "rsaAlgorithm": "RSA1_5"
}
[2025-10-12T12:49:33.329Z] INFO: ✅ File moved to: /home/ruthvikchandravanam/onboarding/onboarding/done
[2025-10-12T12:49:33.329Z] INFO: Batch job completed

[2025-10-12T12:50:43.683Z] INFO: Batch job started
[2025-10-12T12:50:43.683Z] INFO: Found 0 files in 'in' folder
[2025-10-12T12:50:43.685Z] INFO: Processing started
[2025-10-12T12:50:43.688Z] INFO: Batch job completed

[2025-10-12T12:54:38.224Z] INFO: Batch job started
[2025-10-12T12:54:38.225Z] INFO: Found 0 files in 'in' folder
[2025-10-12T12:54:38.227Z] INFO: Processing started
[2025-10-12T12:54:38.231Z] INFO: Batch job completed

[2025-10-12T12:55:52.196Z] INFO: Batch job started
[2025-10-12T12:55:52.197Z] INFO: Found 0 files in 'in' folder
[2025-10-12T12:55:52.199Z] INFO: Processing started
[2025-10-12T12:55:52.203Z] INFO: Batch job completed

[2025-10-12T12:58:32.996Z] INFO: Batch job started
[2025-10-12T12:58:32.997Z] INFO: Found 0 files in 'in' folder
[2025-10-12T12:58:32.998Z] INFO: Processing started
[2025-10-12T12:58:33.002Z] INFO: Batch job completed

[2025-10-12T13:01:15.519Z] INFO: Batch job started
[2025-10-12T13:01:15.520Z] INFO: Found 0 files in 'in' folder
[2025-10-12T13:01:15.522Z] INFO: Processing started
[2025-10-12T13:01:15.526Z] INFO: Batch job completed

[2025-10-12T13:01:47.105Z] INFO: Batch job started
[2025-10-12T13:01:47.106Z] INFO: Found 0 files in 'in' folder
[2025-10-12T13:01:47.107Z] INFO: Processing started
[2025-10-12T13:01:47.110Z] INFO: Batch job completed

[2025-10-18T19:05:41.606Z] INFO: Batch job started
[2025-10-18T19:05:41.607Z] INFO: Found 0 files in 'in' folder
[2025-10-18T19:05:41.607Z] INFO: Processing started
[2025-10-18T19:05:41.608Z] INFO: Batch job completed

[2025-10-18T19:10:28.839Z] INFO: Batch job started
[2025-10-18T19:10:28.839Z] INFO: Found 0 files in 'in' folder
[2025-10-18T19:10:28.840Z] INFO: Processing started
[2025-10-18T19:10:28.840Z] INFO: Batch job completed

[2025-10-18T19:10:51.101Z] INFO: Batch job started
[2025-10-18T19:10:51.102Z] INFO: Found 1 files in 'in' folder
[2025-10-18T19:10:51.103Z] INFO: /home/ruthvikchandravanam/onboarding/onboarding/in/TRX001234567.json
[2025-10-18T19:10:51.103Z] INFO: Processing started
[2025-10-18T19:10:51.103Z] INFO: /home/ruthvikchandravanam/onboarding/onboarding/in/TRX001234567.json
[2025-10-18T19:10:51.103Z] INFO: {
  "tokenRequestorId": "TRX001234567",
  "publicKey": "-----BEGIN PUBLIC KEY-----\nMIIBIjANBgkqhkiG9w0BAQEFAAOCAQ8AMIIBCgKCAQEAn...\n-----END PUBLIC KEY-----",
  "presentationModesSupport": "NFC,QR,InApp",
  "keyId": "key-abc-123",
  "isIssuerWallet": "Y",
  "createdBy": "admin_user",
  "createdDate": "2025-10-11T14:30:00Z",
  "updatedBy": "admin_user",
  "updatedDate": "2025-10-11T15:00:00Z",
  "hashKey": "abc123hashkeyvalue",
  "requestorType": "Bank",
  "tokenServiceDomain": "payments.example.com",
  "tokenRequestorName": "Example Bank",
  "tokenRequestorLogoUrl": "https://example.com/logo.png",
  "tokenRequestorSignatureUrl": "https://example.com/signature.png",
  "tokenRequestorDsAgreementUrl": "https://example.com/agreement.pdf",
  "tokenRequestorDsAgreementId": "AG12345",
  "tokenRequestorDsAgreementVer": "v2.0",
  "tokenRequestorDsAgreementDt": "2025-10-01",
  "issuerSubmittedTokenRequestor": "N",
  "tokenRequestorContactEmail": "contact@example.com",
  "tokenRequestorContactName": "Jane Doe",
  "tokenRequestorContactPhone": "+971501234567",
  "tokenRequestorContactTitle": "Partnership Manager",
  "tokenRequestorContactUrl": "https://example.com/contact",
  "tokenRequestorTokenServiceUrl": "https://api.example.com/token",
  "tokenRequestorTokenServiceVer": "1.0.0",
  "tokenRequestorTokenServiceDt": "2025-09-30",
  "tokenRequestorLogoPath": "/assets/logos/example.png",
  "tokenRequestorSignaturePath": "/assets/signatures/example.png",
  "tokenRequestorDsAgreementPath": "/docs/agreement.pdf",
  "kekId": "kek-001",
  "kekValue": "encrypted-kek-value",
  "dekId": "dek-001",
  "dekValue": "encrypted-dek-value",
  "rsaKey": "MIIBIjANBgkqhkiG9w0BAQEFAAOCAQ8AMIIBCgKCAQEAn...",
  "rsaAlgorithm": "RSA1_5"
}
[2025-10-18T19:10:51.222Z] ERROR: Error: QueryFailedError: Table 'tokenrequestorsdetails' already exists
[2025-10-18T19:10:51.222Z] INFO: Batch job completed

[2025-10-18T19:15:25.678Z] INFO: Batch job started
[2025-10-18T19:15:25.679Z] INFO: Found 1 files in 'in' folder
[2025-10-18T19:15:25.679Z] INFO: /home/ruthvikchandravanam/onboarding/onboarding/in/TRX001234567.json
[2025-10-18T19:15:25.680Z] INFO: Processing started
[2025-10-18T19:15:25.680Z] INFO: /home/ruthvikchandravanam/onboarding/onboarding/in/TRX001234567.json
[2025-10-18T19:15:25.680Z] INFO: {
  "tokenRequestorId": "TRX001234567",
  "publicKey": "-----BEGIN PUBLIC KEY-----\nMIIBIjANBgkqhkiG9w0BAQEFAAOCAQ8AMIIBCgKCAQEAn...\n-----END PUBLIC KEY-----",
  "presentationModesSupport": "NFC,QR,InApp",
  "keyId": "key-abc-123",
  "isIssuerWallet": "Y",
  "createdBy": "admin_user",
  "createdDate": "2025-10-11T14:30:00Z",
  "updatedBy": "admin_user",
  "updatedDate": "2025-10-11T15:00:00Z",
  "hashKey": "abc123hashkeyvalue",
  "requestorType": "Bank",
  "tokenServiceDomain": "payments.example.com",
  "tokenRequestorName": "Example Bank",
  "tokenRequestorLogoUrl": "https://example.com/logo.png",
  "tokenRequestorSignatureUrl": "https://example.com/signature.png",
  "tokenRequestorDsAgreementUrl": "https://example.com/agreement.pdf",
  "tokenRequestorDsAgreementId": "AG12345",
  "tokenRequestorDsAgreementVer": "v2.0",
  "tokenRequestorDsAgreementDt": "2025-10-01",
  "issuerSubmittedTokenRequestor": "N",
  "tokenRequestorContactEmail": "contact@example.com",
  "tokenRequestorContactName": "Jane Doe",
  "tokenRequestorContactPhone": "+971501234567",
  "tokenRequestorContactTitle": "Partnership Manager",
  "tokenRequestorContactUrl": "https://example.com/contact",
  "tokenRequestorTokenServiceUrl": "https://api.example.com/token",
  "tokenRequestorTokenServiceVer": "1.0.0",
  "tokenRequestorTokenServiceDt": "2025-09-30",
  "tokenRequestorLogoPath": "/assets/logos/example.png",
  "tokenRequestorSignaturePath": "/assets/signatures/example.png",
  "tokenRequestorDsAgreementPath": "/docs/agreement.pdf",
  "kekId": "kek-001",
  "kekValue": "encrypted-kek-value",
  "dekId": "dek-001",
  "dekValue": "encrypted-dek-value",
  "rsaKey": "MIIBIjANBgkqhkiG9w0BAQEFAAOCAQ8AMIIBCgKCAQEAn...",
  "rsaAlgorithm": "RSA1_5"
}
[2025-10-18T19:15:25.687Z] ERROR: Error: EntityMetadataNotFoundError: No metadata for "TokenRequestorDetailsORM" was found.
[2025-10-18T19:15:25.688Z] INFO: Batch job completed

[2025-10-18T19:17:04.914Z] INFO: Batch job started
[2025-10-18T19:17:04.914Z] INFO: Found 1 files in 'in' folder
[2025-10-18T19:17:04.915Z] INFO: /home/ruthvikchandravanam/onboarding/onboarding/in/TRX001234567.json
[2025-10-18T19:17:04.915Z] INFO: Processing started
[2025-10-18T19:17:04.915Z] INFO: /home/ruthvikchandravanam/onboarding/onboarding/in/TRX001234567.json
[2025-10-18T19:17:04.916Z] INFO: {
  "tokenRequestorId": "TRX001234567",
  "publicKey": "-----BEGIN PUBLIC KEY-----\nMIIBIjANBgkqhkiG9w0BAQEFAAOCAQ8AMIIBCgKCAQEAn...\n-----END PUBLIC KEY-----",
  "presentationModesSupport": "NFC,QR,InApp",
  "keyId": "key-abc-123",
  "isIssuerWallet": "Y",
  "createdBy": "admin_user",
  "createdDate": "2025-10-11T14:30:00Z",
  "updatedBy": "admin_user",
  "updatedDate": "2025-10-11T15:00:00Z",
  "hashKey": "abc123hashkeyvalue",
  "requestorType": "Bank",
  "tokenServiceDomain": "payments.example.com",
  "tokenRequestorName": "Example Bank",
  "tokenRequestorLogoUrl": "https://example.com/logo.png",
  "tokenRequestorSignatureUrl": "https://example.com/signature.png",
  "tokenRequestorDsAgreementUrl": "https://example.com/agreement.pdf",
  "tokenRequestorDsAgreementId": "AG12345",
  "tokenRequestorDsAgreementVer": "v2.0",
  "tokenRequestorDsAgreementDt": "2025-10-01",
  "issuerSubmittedTokenRequestor": "N",
  "tokenRequestorContactEmail": "contact@example.com",
  "tokenRequestorContactName": "Jane Doe",
  "tokenRequestorContactPhone": "+971501234567",
  "tokenRequestorContactTitle": "Partnership Manager",
  "tokenRequestorContactUrl": "https://example.com/contact",
  "tokenRequestorTokenServiceUrl": "https://api.example.com/token",
  "tokenRequestorTokenServiceVer": "1.0.0",
  "tokenRequestorTokenServiceDt": "2025-09-30",
  "tokenRequestorLogoPath": "/assets/logos/example.png",
  "tokenRequestorSignaturePath": "/assets/signatures/example.png",
  "tokenRequestorDsAgreementPath": "/docs/agreement.pdf",
  "kekId": "kek-001",
  "kekValue": "encrypted-kek-value",
  "dekId": "dek-001",
  "dekValue": "encrypted-dek-value",
  "rsaKey": "MIIBIjANBgkqhkiG9w0BAQEFAAOCAQ8AMIIBCgKCAQEAn...",
  "rsaAlgorithm": "RSA1_5"
}
[2025-10-18T19:17:04.922Z] ERROR: Error: EntityMetadataNotFoundError: No metadata for "TokenRequestorDetailsORM" was found.
[2025-10-18T19:17:04.922Z] INFO: Batch job completed

[2025-10-18T19:17:13.280Z] INFO: Batch job started
[2025-10-18T19:17:13.280Z] INFO: Found 1 files in 'in' folder
[2025-10-18T19:17:13.280Z] INFO: /home/ruthvikchandravanam/onboarding/onboarding/in/TRX001234567.json
[2025-10-18T19:17:13.281Z] INFO: Processing started
[2025-10-18T19:17:13.281Z] INFO: /home/ruthvikchandravanam/onboarding/onboarding/in/TRX001234567.json
[2025-10-18T19:17:13.281Z] INFO: {
  "tokenRequestorId": "TRX001234567",
  "publicKey": "-----BEGIN PUBLIC KEY-----\nMIIBIjANBgkqhkiG9w0BAQEFAAOCAQ8AMIIBCgKCAQEAn...\n-----END PUBLIC KEY-----",
  "presentationModesSupport": "NFC,QR,InApp",
  "keyId": "key-abc-123",
  "isIssuerWallet": "Y",
  "createdBy": "admin_user",
  "createdDate": "2025-10-11T14:30:00Z",
  "updatedBy": "admin_user",
  "updatedDate": "2025-10-11T15:00:00Z",
  "hashKey": "abc123hashkeyvalue",
  "requestorType": "Bank",
  "tokenServiceDomain": "payments.example.com",
  "tokenRequestorName": "Example Bank",
  "tokenRequestorLogoUrl": "https://example.com/logo.png",
  "tokenRequestorSignatureUrl": "https://example.com/signature.png",
  "tokenRequestorDsAgreementUrl": "https://example.com/agreement.pdf",
  "tokenRequestorDsAgreementId": "AG12345",
  "tokenRequestorDsAgreementVer": "v2.0",
  "tokenRequestorDsAgreementDt": "2025-10-01",
  "issuerSubmittedTokenRequestor": "N",
  "tokenRequestorContactEmail": "contact@example.com",
  "tokenRequestorContactName": "Jane Doe",
  "tokenRequestorContactPhone": "+971501234567",
  "tokenRequestorContactTitle": "Partnership Manager",
  "tokenRequestorContactUrl": "https://example.com/contact",
  "tokenRequestorTokenServiceUrl": "https://api.example.com/token",
  "tokenRequestorTokenServiceVer": "1.0.0",
  "tokenRequestorTokenServiceDt": "2025-09-30",
  "tokenRequestorLogoPath": "/assets/logos/example.png",
  "tokenRequestorSignaturePath": "/assets/signatures/example.png",
  "tokenRequestorDsAgreementPath": "/docs/agreement.pdf",
  "kekId": "kek-001",
  "kekValue": "encrypted-kek-value",
  "dekId": "dek-001",
  "dekValue": "encrypted-dek-value",
  "rsaKey": "MIIBIjANBgkqhkiG9w0BAQEFAAOCAQ8AMIIBCgKCAQEAn...",
  "rsaAlgorithm": "RSA1_5"
}
[2025-10-18T19:17:13.288Z] ERROR: Error: EntityMetadataNotFoundError: No metadata for "TokenRequestorDetailsORM" was found.
[2025-10-18T19:17:13.288Z] INFO: Batch job completed

[2025-10-18T19:19:16.936Z] INFO: Batch job started
[2025-10-18T19:19:16.937Z] INFO: Found 1 files in 'in' folder
[2025-10-18T19:19:16.937Z] INFO: /home/ruthvikchandravanam/onboarding/onboarding/in/TRX001234567.json
[2025-10-18T19:19:16.938Z] INFO: Processing started
[2025-10-18T19:19:16.938Z] INFO: /home/ruthvikchandravanam/onboarding/onboarding/in/TRX001234567.json
[2025-10-18T19:19:16.938Z] INFO: {
  "tokenRequestorId": "TRX001234567",
  "publicKey": "-----BEGIN PUBLIC KEY-----\nMIIBIjANBgkqhkiG9w0BAQEFAAOCAQ8AMIIBCgKCAQEAn...\n-----END PUBLIC KEY-----",
  "presentationModesSupport": "NFC,QR,InApp",
  "keyId": "key-abc-123",
  "isIssuerWallet": "Y",
  "createdBy": "admin_user",
  "createdDate": "2025-10-11T14:30:00Z",
  "updatedBy": "admin_user",
  "updatedDate": "2025-10-11T15:00:00Z",
  "hashKey": "abc123hashkeyvalue",
  "requestorType": "Bank",
  "tokenServiceDomain": "payments.example.com",
  "tokenRequestorName": "Example Bank",
  "tokenRequestorLogoUrl": "https://example.com/logo.png",
  "tokenRequestorSignatureUrl": "https://example.com/signature.png",
  "tokenRequestorDsAgreementUrl": "https://example.com/agreement.pdf",
  "tokenRequestorDsAgreementId": "AG12345",
  "tokenRequestorDsAgreementVer": "v2.0",
  "tokenRequestorDsAgreementDt": "2025-10-01",
  "issuerSubmittedTokenRequestor": "N",
  "tokenRequestorContactEmail": "contact@example.com",
  "tokenRequestorContactName": "Jane Doe",
  "tokenRequestorContactPhone": "+971501234567",
  "tokenRequestorContactTitle": "Partnership Manager",
  "tokenRequestorContactUrl": "https://example.com/contact",
  "tokenRequestorTokenServiceUrl": "https://api.example.com/token",
  "tokenRequestorTokenServiceVer": "1.0.0",
  "tokenRequestorTokenServiceDt": "2025-09-30",
  "tokenRequestorLogoPath": "/assets/logos/example.png",
  "tokenRequestorSignaturePath": "/assets/signatures/example.png",
  "tokenRequestorDsAgreementPath": "/docs/agreement.pdf",
  "kekId": "kek-001",
  "kekValue": "encrypted-kek-value",
  "dekId": "dek-001",
  "dekValue": "encrypted-dek-value",
  "rsaKey": "MIIBIjANBgkqhkiG9w0BAQEFAAOCAQ8AMIIBCgKCAQEAn...",
  "rsaAlgorithm": "RSA1_5"
}
[2025-10-18T19:19:16.947Z] ERROR: Error: EntityMetadataNotFoundError: No metadata for "TokenRequestorDetailsORM" was found.
[2025-10-18T19:19:16.947Z] INFO: Batch job completed

[2025-10-18T19:33:30.701Z] INFO: Batch job started
[2025-10-18T19:33:30.702Z] INFO: Found 1 files in 'in' folder
[2025-10-18T19:33:30.702Z] INFO: /home/ruthvikchandravanam/onboarding/onboarding/in/TRX001234567.json
[2025-10-18T19:33:30.703Z] INFO: Processing started
[2025-10-18T19:33:30.703Z] INFO: /home/ruthvikchandravanam/onboarding/onboarding/in/TRX001234567.json
[2025-10-18T19:33:30.704Z] INFO: {
  "tokenRequestorId": "TRX001234567",
  "publicKey": "-----BEGIN PUBLIC KEY-----\nMIIBIjANBgkqhkiG9w0BAQEFAAOCAQ8AMIIBCgKCAQEAn...\n-----END PUBLIC KEY-----",
  "presentationModesSupport": "NFC,QR,InApp",
  "keyId": "key-abc-123",
  "isIssuerWallet": "Y",
  "createdBy": "admin_user",
  "createdDate": "2025-10-11T14:30:00Z",
  "updatedBy": "admin_user",
  "updatedDate": "2025-10-11T15:00:00Z",
  "hashKey": "abc123hashkeyvalue",
  "requestorType": "Bank",
  "tokenServiceDomain": "payments.example.com",
  "tokenRequestorName": "Example Bank",
  "tokenRequestorLogoUrl": "https://example.com/logo.png",
  "tokenRequestorSignatureUrl": "https://example.com/signature.png",
  "tokenRequestorDsAgreementUrl": "https://example.com/agreement.pdf",
  "tokenRequestorDsAgreementId": "AG12345",
  "tokenRequestorDsAgreementVer": "v2.0",
  "tokenRequestorDsAgreementDt": "2025-10-01",
  "issuerSubmittedTokenRequestor": "N",
  "tokenRequestorContactEmail": "contact@example.com",
  "tokenRequestorContactName": "Jane Doe",
  "tokenRequestorContactPhone": "+971501234567",
  "tokenRequestorContactTitle": "Partnership Manager",
  "tokenRequestorContactUrl": "https://example.com/contact",
  "tokenRequestorTokenServiceUrl": "https://api.example.com/token",
  "tokenRequestorTokenServiceVer": "1.0.0",
  "tokenRequestorTokenServiceDt": "2025-09-30",
  "tokenRequestorLogoPath": "/assets/logos/example.png",
  "tokenRequestorSignaturePath": "/assets/signatures/example.png",
  "tokenRequestorDsAgreementPath": "/docs/agreement.pdf",
  "kekId": "kek-001",
  "kekValue": "encrypted-kek-value",
  "dekId": "dek-001",
  "dekValue": "encrypted-dek-value",
  "rsaKey": "MIIBIjANBgkqhkiG9w0BAQEFAAOCAQ8AMIIBCgKCAQEAn...",
  "rsaAlgorithm": "RSA1_5"
}
[2025-10-18T19:33:30.712Z] INFO: ✅ File moved to: /home/ruthvikchandravanam/onboarding/onboarding/done
[2025-10-18T19:33:30.712Z] INFO: Batch job completed

[2025-10-18T19:35:36.168Z] INFO: Batch job started
[2025-10-18T19:35:36.169Z] INFO: Found 0 files in 'in' folder
[2025-10-18T19:35:36.170Z] INFO: Processing started
[2025-10-18T19:35:36.178Z] INFO: Batch job completed

[2025-10-18T19:36:18.595Z] INFO: Batch job started
[2025-10-18T19:36:18.596Z] INFO: Found 0 files in 'in' folder
[2025-10-18T19:36:18.597Z] INFO: Processing started
[2025-10-18T19:36:18.605Z] INFO: Batch job completed

[2025-10-18T19:37:13.702Z] INFO: Batch job started
[2025-10-18T19:37:13.703Z] INFO: Found 0 files in 'in' folder
[2025-10-18T19:37:13.703Z] INFO: Processing started
[2025-10-18T19:37:13.710Z] INFO: Batch job completed

[2025-10-18T19:41:40.642Z] INFO: Batch job started
[2025-10-18T19:41:40.643Z] INFO: Found 0 files in 'in' folder
[2025-10-18T19:41:40.644Z] INFO: Processing started
[2025-10-18T19:41:40.652Z] INFO: Batch job completed

[2025-10-18T19:51:27.890Z] INFO: Batch job started
[2025-10-18T19:51:27.891Z] INFO: Found 0 files in 'in' folder
[2025-10-18T19:51:27.892Z] INFO: Processing started
[2025-10-18T19:51:27.899Z] INFO: Batch job completed

[2025-10-18T19:54:30.340Z] INFO: Batch job started
[2025-10-18T19:54:30.341Z] INFO: Found 0 files in 'in' folder
[2025-10-18T19:54:30.341Z] INFO: Processing started
[2025-10-18T19:54:30.350Z] INFO: Batch job completed

[2025-10-18T19:55:26.332Z] INFO: Batch job started
[2025-10-18T19:55:26.333Z] INFO: Found 1 files in 'in' folder
[2025-10-18T19:55:26.333Z] INFO: /home/ruthvikchandravanam/onboarding/onboarding/in/TRX001234567.json
[2025-10-18T19:55:26.334Z] INFO: Processing started
[2025-10-18T19:55:26.334Z] INFO: /home/ruthvikchandravanam/onboarding/onboarding/in/TRX001234567.json
[2025-10-18T19:55:26.334Z] INFO: {
  "tokenRequestorId": "TRX001234567",
  "publicKey": "-----BEGIN PUBLIC KEY-----\nMIIBIjANBgkqhkiG9w0BAQEFAAOCAQ8AMIIBCgKCAQEAn...\n-----END PUBLIC KEY-----",
  "presentationModesSupport": "NFC,QR,InApp",
  "keyId": "key-abc-123",
  "isIssuerWallet": "Y",
  "createdBy": "admin_user",
  "createdDate": "2025-10-11T14:30:00Z",
  "updatedBy": "admin_user",
  "updatedDate": "2025-10-11T15:00:00Z",
  "hashKey": "abc123hashkeyvalue",
  "requestorType": "Bank",
  "tokenServiceDomain": "payments.example.com",
  "tokenRequestorName": "Example Bank",
  "tokenRequestorLogoUrl": "https://example.com/logo.png",
  "tokenRequestorSignatureUrl": "https://example.com/signature.png",
  "tokenRequestorDsAgreementUrl": "https://example.com/agreement.pdf",
  "tokenRequestorDsAgreementId": "AG12345",
  "tokenRequestorDsAgreementVer": "v2.0",
  "tokenRequestorDsAgreementDt": "2025-10-01",
  "issuerSubmittedTokenRequestor": "N",
  "tokenRequestorContactEmail": "contact@example.com",
  "tokenRequestorContactName": "Jane Doe",
  "tokenRequestorContactPhone": "+971501234567",
  "tokenRequestorContactTitle": "Partnership Manager",
  "tokenRequestorContactUrl": "https://example.com/contact",
  "tokenRequestorTokenServiceUrl": "https://api.example.com/token",
  "tokenRequestorTokenServiceVer": "1.0.0",
  "tokenRequestorTokenServiceDt": "2025-09-30",
  "tokenRequestorLogoPath": "/assets/logos/example.png",
  "tokenRequestorSignaturePath": "/assets/signatures/example.png",
  "tokenRequestorDsAgreementPath": "/docs/agreement.pdf",
  "kekId": "kek-001",
  "kekValue": "encrypted-kek-value",
  "dekId": "dek-001",
  "dekValue": "encrypted-dek-value",
  "rsaKey": "MIIBIjANBgkqhkiG9w0BAQEFAAOCAQ8AMIIBCgKCAQEAn...",
  "rsaAlgorithm": "RSA1_5"
}
[2025-10-18T19:55:26.342Z] INFO: ✅ File moved to: /home/ruthvikchandravanam/onboarding/onboarding/done
[2025-10-18T19:55:26.342Z] INFO: Batch job completed

[2025-10-18T19:56:55.704Z] INFO: Batch job started
[2025-10-18T19:56:55.705Z] INFO: Found 0 files in 'in' folder
[2025-10-18T19:56:55.706Z] INFO: Processing started
[2025-10-18T19:56:55.712Z] INFO: Batch job completed

[2025-10-18T19:59:45.039Z] INFO: Batch job started
[2025-10-18T19:59:45.040Z] INFO: Found 0 files in 'in' folder
[2025-10-18T19:59:45.042Z] INFO: Processing started
[2025-10-18T19:59:45.049Z] INFO: Batch job completed

[2025-10-18T20:06:01.276Z] INFO: Batch job started
[2025-10-18T20:06:01.277Z] INFO: Found 0 files in 'in' folder
[2025-10-18T20:06:01.278Z] INFO: Processing started
[2025-10-18T20:06:01.283Z] INFO: Batch job completed

[2025-10-18T20:15:28.259Z] INFO: Batch job started
[2025-10-18T20:15:28.260Z] INFO: Found 0 files in 'in' folder
[2025-10-18T20:15:28.261Z] INFO: Processing started
[2025-10-18T20:15:28.261Z] INFO: Batch job completed

[2025-10-18T20:15:43.805Z] INFO: Batch job started
[2025-10-18T20:15:43.806Z] INFO: Found 1 files in 'in' folder
[2025-10-18T20:15:43.806Z] INFO: /home/ruthvikchandravanam/onboarding/onboarding/in/TRX001234567.json
[2025-10-18T20:15:43.806Z] INFO: Processing started
[2025-10-18T20:15:43.806Z] INFO: /home/ruthvikchandravanam/onboarding/onboarding/in/TRX001234567.json
[2025-10-18T20:15:43.807Z] INFO: {
  "tokenRequestorId": "TRX001234567",
  "publicKey": "-----BEGIN PUBLIC KEY-----\nMIIBIjANBgkqhkiG9w0BAQEFAAOCAQ8AMIIBCgKCAQEAn...\n-----END PUBLIC KEY-----",
  "presentationModesSupport": "NFC,QR,InApp",
  "keyId": "key-abc-123",
  "isIssuerWallet": "Y",
  "createdBy": "admin_user",
  "createdDate": "2025-10-11T14:30:00Z",
  "updatedBy": "admin_user",
  "updatedDate": "2025-10-11T15:00:00Z",
  "hashKey": "abc123hashkeyvalue",
  "requestorType": "Bank",
  "tokenServiceDomain": "payments.example.com",
  "tokenRequestorName": "Example Bank",
  "tokenRequestorLogoUrl": "https://example.com/logo.png",
  "tokenRequestorSignatureUrl": "https://example.com/signature.png",
  "tokenRequestorDsAgreementUrl": "https://example.com/agreement.pdf",
  "tokenRequestorDsAgreementId": "AG12345",
  "tokenRequestorDsAgreementVer": "v2.0",
  "tokenRequestorDsAgreementDt": "2025-10-01",
  "issuerSubmittedTokenRequestor": "N",
  "tokenRequestorContactEmail": "contact@example.com",
  "tokenRequestorContactName": "Jane Doe",
  "tokenRequestorContactPhone": "+971501234567",
  "tokenRequestorContactTitle": "Partnership Manager",
  "tokenRequestorContactUrl": "https://example.com/contact",
  "tokenRequestorTokenServiceUrl": "https://api.example.com/token",
  "tokenRequestorTokenServiceVer": "1.0.0",
  "tokenRequestorTokenServiceDt": "2025-09-30",
  "tokenRequestorLogoPath": "/assets/logos/example.png",
  "tokenRequestorSignaturePath": "/assets/signatures/example.png",
  "tokenRequestorDsAgreementPath": "/docs/agreement.pdf",
  "kekId": "kek-001",
  "kekValue": "encrypted-kek-value",
  "dekId": "dek-001",
  "dekValue": "encrypted-dek-value",
  "rsaKey": "MIIBIjANBgkqhkiG9w0BAQEFAAOCAQ8AMIIBCgKCAQEAn...",
  "rsaAlgorithm": "RSA1_5"
}
[2025-10-18T20:15:43.879Z] INFO: ✅ File moved to: /home/ruthvikchandravanam/onboarding/onboarding/done
[2025-10-18T20:15:43.879Z] INFO: Batch job completed

[2025-10-18T20:18:30.976Z] INFO: Batch job started
[2025-10-18T20:18:30.977Z] INFO: Found 0 files in 'in' folder
[2025-10-18T20:18:30.978Z] INFO: Processing started
[2025-10-18T20:18:30.978Z] INFO: Batch job completed

[2025-10-18T20:18:44.526Z] INFO: Batch job started
[2025-10-18T20:18:44.527Z] INFO: Found 1 files in 'in' folder
[2025-10-18T20:18:44.527Z] INFO: /home/ruthvikchandravanam/onboarding/onboarding/in/TRX001234567.json
[2025-10-18T20:18:44.528Z] INFO: Processing started
[2025-10-18T20:18:44.528Z] INFO: /home/ruthvikchandravanam/onboarding/onboarding/in/TRX001234567.json
[2025-10-18T20:18:44.528Z] INFO: {
  "tokenRequestorId": "TRX001234567",
  "publicKey": "-----BEGIN PUBLIC KEY-----\nMIIBIjANBgkqhkiG9w0BAQEFAAOCAQ8AMIIBCgKCAQEAn...\n-----END PUBLIC KEY-----",
  "presentationModesSupport": "NFC,QR,InApp",
  "keyId": "key-abc-123",
  "isIssuerWallet": "Y",
  "createdBy": "admin_user",
  "createdDate": "2025-10-11T14:30:00Z",
  "updatedBy": "admin_user",
  "updatedDate": "2025-10-11T15:00:00Z",
  "hashKey": "abc123hashkeyvalue",
  "requestorType": "Bank",
  "tokenServiceDomain": "payments.example.com",
  "tokenRequestorName": "Example Bank",
  "tokenRequestorLogoUrl": "https://example.com/logo.png",
  "tokenRequestorSignatureUrl": "https://example.com/signature.png",
  "tokenRequestorDsAgreementUrl": "https://example.com/agreement.pdf",
  "tokenRequestorDsAgreementId": "AG12345",
  "tokenRequestorDsAgreementVer": "v2.0",
  "tokenRequestorDsAgreementDt": "2025-10-01",
  "issuerSubmittedTokenRequestor": "N",
  "tokenRequestorContactEmail": "contact@example.com",
  "tokenRequestorContactName": "Jane Doe",
  "tokenRequestorContactPhone": "+971501234567",
  "tokenRequestorContactTitle": "Partnership Manager",
  "tokenRequestorContactUrl": "https://example.com/contact",
  "tokenRequestorTokenServiceUrl": "https://api.example.com/token",
  "tokenRequestorTokenServiceVer": "1.0.0",
  "tokenRequestorTokenServiceDt": "2025-09-30",
  "tokenRequestorLogoPath": "/assets/logos/example.png",
  "tokenRequestorSignaturePath": "/assets/signatures/example.png",
  "tokenRequestorDsAgreementPath": "/docs/agreement.pdf",
  "kekId": "kek-001",
  "kekValue": "encrypted-kek-value",
  "dekId": "dek-001",
  "dekValue": "encrypted-dek-value",
  "rsaKey": "MIIBIjANBgkqhkiG9w0BAQEFAAOCAQ8AMIIBCgKCAQEAn...",
  "rsaAlgorithm": "RSA1_5"
}
[2025-10-18T20:18:44.581Z] INFO: ✅ File moved to: /home/ruthvikchandravanam/onboarding/onboarding/done
[2025-10-18T20:18:44.581Z] INFO: Batch job completed

[2025-10-18T20:21:01.485Z] INFO: Batch job started
[2025-10-18T20:21:01.486Z] INFO: Found 0 files in 'in' folder
[2025-10-18T20:21:01.486Z] INFO: Processing started
[2025-10-18T20:21:01.493Z] INFO: Batch job completed

[2025-10-19T08:36:51.338Z] INFO: Batch job started
[2025-10-19T08:36:51.339Z] INFO: Found 1 files in 'in' folder
[2025-10-19T08:36:51.339Z] INFO: /home/ruthvikchandravanam/onboarding/onboarding/in/TRX001234567.json
[2025-10-19T08:36:51.340Z] INFO: Processing started
[2025-10-19T08:36:51.341Z] INFO: /home/ruthvikchandravanam/onboarding/onboarding/in/TRX001234567.json
[2025-10-19T08:36:51.341Z] INFO: {
  "tokenRequestorId": "TRX001234567",
  "publicKey": "-----BEGIN PUBLIC KEY-----\nMIIBIjANBgkqhkiG9w0BAQEFAAOCAQ8AMIIBCgKCAQEAn...\n-----END PUBLIC KEY-----",
  "presentationModesSupport": "NFC,QR,InApp",
  "keyId": "key-abc-123",
  "isIssuerWallet": "Y",
  "createdBy": "admin_user",
  "createdDate": "2025-10-11T14:30:00Z",
  "updatedBy": "admin_user",
  "updatedDate": "2025-10-11T15:00:00Z",
  "hashKey": "abc123hashkeyvalue",
  "requestorType": "Bank",
  "tokenServiceDomain": "payments.example.com",
  "tokenRequestorName": "Example Bank",
  "tokenRequestorLogoUrl": "https://example.com/logo.png",
  "tokenRequestorSignatureUrl": "https://example.com/signature.png",
  "tokenRequestorDsAgreementUrl": "https://example.com/agreement.pdf",
  "tokenRequestorDsAgreementId": "AG12345",
  "tokenRequestorDsAgreementVer": "v2.0",
  "tokenRequestorDsAgreementDt": "2025-10-01",
  "issuerSubmittedTokenRequestor": "N",
  "tokenRequestorContactEmail": "contact@example.com",
  "tokenRequestorContactName": "Jane Doe",
  "tokenRequestorContactPhone": "+971501234567",
  "tokenRequestorContactTitle": "Partnership Manager",
  "tokenRequestorContactUrl": "https://example.com/contact",
  "tokenRequestorTokenServiceUrl": "https://api.example.com/token",
  "tokenRequestorTokenServiceVer": "1.0.0",
  "tokenRequestorTokenServiceDt": "2025-09-30",
  "tokenRequestorLogoPath": "/assets/logos/example.png",
  "tokenRequestorSignaturePath": "/assets/signatures/example.png",
  "tokenRequestorDsAgreementPath": "/docs/agreement.pdf",
  "kekId": "kek-001",
  "kekValue": "encrypted-kek-value",
  "dekId": "dek-001",
  "dekValue": "encrypted-dek-value",
  "rsaKey": "MIIBIjANBgkqhkiG9w0BAQEFAAOCAQ8AMIIBCgKCAQEAn...",
  "rsaAlgorithm": "RSA1_5"
}
[2025-10-19T08:36:51.416Z] ERROR: Error: EntityMetadataNotFoundError: No metadata for "TokenRequestorDetailsORM" was found.
[2025-10-19T08:36:51.416Z] INFO: Batch job completed

[2025-10-19T08:37:34.357Z] INFO: Batch job started
[2025-10-19T08:37:34.358Z] INFO: Found 1 files in 'in' folder
[2025-10-19T08:37:34.358Z] INFO: /home/ruthvikchandravanam/onboarding/onboarding/in/TRX001234567.json
[2025-10-19T08:37:34.359Z] INFO: Processing started
[2025-10-19T08:37:34.359Z] INFO: /home/ruthvikchandravanam/onboarding/onboarding/in/TRX001234567.json
[2025-10-19T08:37:34.359Z] INFO: {
  "tokenRequestorId": "TRX001234567",
  "publicKey": "-----BEGIN PUBLIC KEY-----\nMIIBIjANBgkqhkiG9w0BAQEFAAOCAQ8AMIIBCgKCAQEAn...\n-----END PUBLIC KEY-----",
  "presentationModesSupport": "NFC,QR,InApp",
  "keyId": "key-abc-123",
  "isIssuerWallet": "Y",
  "createdBy": "admin_user",
  "createdDate": "2025-10-11T14:30:00Z",
  "updatedBy": "admin_user",
  "updatedDate": "2025-10-11T15:00:00Z",
  "hashKey": "abc123hashkeyvalue",
  "requestorType": "Bank",
  "tokenServiceDomain": "payments.example.com",
  "tokenRequestorName": "Example Bank",
  "tokenRequestorLogoUrl": "https://example.com/logo.png",
  "tokenRequestorSignatureUrl": "https://example.com/signature.png",
  "tokenRequestorDsAgreementUrl": "https://example.com/agreement.pdf",
  "tokenRequestorDsAgreementId": "AG12345",
  "tokenRequestorDsAgreementVer": "v2.0",
  "tokenRequestorDsAgreementDt": "2025-10-01",
  "issuerSubmittedTokenRequestor": "N",
  "tokenRequestorContactEmail": "contact@example.com",
  "tokenRequestorContactName": "Jane Doe",
  "tokenRequestorContactPhone": "+971501234567",
  "tokenRequestorContactTitle": "Partnership Manager",
  "tokenRequestorContactUrl": "https://example.com/contact",
  "tokenRequestorTokenServiceUrl": "https://api.example.com/token",
  "tokenRequestorTokenServiceVer": "1.0.0",
  "tokenRequestorTokenServiceDt": "2025-09-30",
  "tokenRequestorLogoPath": "/assets/logos/example.png",
  "tokenRequestorSignaturePath": "/assets/signatures/example.png",
  "tokenRequestorDsAgreementPath": "/docs/agreement.pdf",
  "kekId": "kek-001",
  "kekValue": "encrypted-kek-value",
  "dekId": "dek-001",
  "dekValue": "encrypted-dek-value",
  "rsaKey": "MIIBIjANBgkqhkiG9w0BAQEFAAOCAQ8AMIIBCgKCAQEAn...",
  "rsaAlgorithm": "RSA1_5"
}
[2025-10-19T08:37:34.399Z] ERROR: Error: EntityMetadataNotFoundError: No metadata for "TokenRequestorDetailsORM" was found.
[2025-10-19T08:37:34.399Z] INFO: Batch job completed

[2025-10-19T08:37:39.397Z] INFO: Batch job started
[2025-10-19T08:37:39.398Z] INFO: Found 1 files in 'in' folder
[2025-10-19T08:37:39.398Z] INFO: /home/ruthvikchandravanam/onboarding/onboarding/in/TRX001234567.json
[2025-10-19T08:37:39.398Z] INFO: Processing started
[2025-10-19T08:37:39.398Z] INFO: /home/ruthvikchandravanam/onboarding/onboarding/in/TRX001234567.json
[2025-10-19T08:37:39.398Z] INFO: {
  "tokenRequestorId": "TRX001234567",
  "publicKey": "-----BEGIN PUBLIC KEY-----\nMIIBIjANBgkqhkiG9w0BAQEFAAOCAQ8AMIIBCgKCAQEAn...\n-----END PUBLIC KEY-----",
  "presentationModesSupport": "NFC,QR,InApp",
  "keyId": "key-abc-123",
  "isIssuerWallet": "Y",
  "createdBy": "admin_user",
  "createdDate": "2025-10-11T14:30:00Z",
  "updatedBy": "admin_user",
  "updatedDate": "2025-10-11T15:00:00Z",
  "hashKey": "abc123hashkeyvalue",
  "requestorType": "Bank",
  "tokenServiceDomain": "payments.example.com",
  "tokenRequestorName": "Example Bank",
  "tokenRequestorLogoUrl": "https://example.com/logo.png",
  "tokenRequestorSignatureUrl": "https://example.com/signature.png",
  "tokenRequestorDsAgreementUrl": "https://example.com/agreement.pdf",
  "tokenRequestorDsAgreementId": "AG12345",
  "tokenRequestorDsAgreementVer": "v2.0",
  "tokenRequestorDsAgreementDt": "2025-10-01",
  "issuerSubmittedTokenRequestor": "N",
  "tokenRequestorContactEmail": "contact@example.com",
  "tokenRequestorContactName": "Jane Doe",
  "tokenRequestorContactPhone": "+971501234567",
  "tokenRequestorContactTitle": "Partnership Manager",
  "tokenRequestorContactUrl": "https://example.com/contact",
  "tokenRequestorTokenServiceUrl": "https://api.example.com/token",
  "tokenRequestorTokenServiceVer": "1.0.0",
  "tokenRequestorTokenServiceDt": "2025-09-30",
  "tokenRequestorLogoPath": "/assets/logos/example.png",
  "tokenRequestorSignaturePath": "/assets/signatures/example.png",
  "tokenRequestorDsAgreementPath": "/docs/agreement.pdf",
  "kekId": "kek-001",
  "kekValue": "encrypted-kek-value",
  "dekId": "dek-001",
  "dekValue": "encrypted-dek-value",
  "rsaKey": "MIIBIjANBgkqhkiG9w0BAQEFAAOCAQ8AMIIBCgKCAQEAn...",
  "rsaAlgorithm": "RSA1_5"
}
[2025-10-19T08:37:39.481Z] ERROR: Error: QueryFailedError: Table 'nts_tpse.tokenrequestorsdetails' doesn't exist
[2025-10-19T08:37:39.481Z] INFO: Batch job completed

[2025-10-19T08:38:36.953Z] INFO: Batch job started
[2025-10-19T08:38:36.953Z] INFO: Found 1 files in 'in' folder
[2025-10-19T08:38:36.954Z] INFO: /home/ruthvikchandravanam/onboarding/onboarding/in/TRX001234567.json
[2025-10-19T08:38:36.954Z] INFO: Processing started
[2025-10-19T08:38:36.954Z] INFO: /home/ruthvikchandravanam/onboarding/onboarding/in/TRX001234567.json
[2025-10-19T08:38:36.954Z] INFO: {
  "tokenRequestorId": "TRX001234567",
  "publicKey": "-----BEGIN PUBLIC KEY-----\nMIIBIjANBgkqhkiG9w0BAQEFAAOCAQ8AMIIBCgKCAQEAn...\n-----END PUBLIC KEY-----",
  "presentationModesSupport": "NFC,QR,InApp",
  "keyId": "key-abc-123",
  "isIssuerWallet": "Y",
  "createdBy": "admin_user",
  "createdDate": "2025-10-11T14:30:00Z",
  "updatedBy": "admin_user",
  "updatedDate": "2025-10-11T15:00:00Z",
  "hashKey": "abc123hashkeyvalue",
  "requestorType": "Bank",
  "tokenServiceDomain": "payments.example.com",
  "tokenRequestorName": "Example Bank",
  "tokenRequestorLogoUrl": "https://example.com/logo.png",
  "tokenRequestorSignatureUrl": "https://example.com/signature.png",
  "tokenRequestorDsAgreementUrl": "https://example.com/agreement.pdf",
  "tokenRequestorDsAgreementId": "AG12345",
  "tokenRequestorDsAgreementVer": "v2.0",
  "tokenRequestorDsAgreementDt": "2025-10-01",
  "issuerSubmittedTokenRequestor": "N",
  "tokenRequestorContactEmail": "contact@example.com",
  "tokenRequestorContactName": "Jane Doe",
  "tokenRequestorContactPhone": "+971501234567",
  "tokenRequestorContactTitle": "Partnership Manager",
  "tokenRequestorContactUrl": "https://example.com/contact",
  "tokenRequestorTokenServiceUrl": "https://api.example.com/token",
  "tokenRequestorTokenServiceVer": "1.0.0",
  "tokenRequestorTokenServiceDt": "2025-09-30",
  "tokenRequestorLogoPath": "/assets/logos/example.png",
  "tokenRequestorSignaturePath": "/assets/signatures/example.png",
  "tokenRequestorDsAgreementPath": "/docs/agreement.pdf",
  "kekId": "kek-001",
  "kekValue": "encrypted-kek-value",
  "dekId": "dek-001",
  "dekValue": "encrypted-dek-value",
  "rsaKey": "MIIBIjANBgkqhkiG9w0BAQEFAAOCAQ8AMIIBCgKCAQEAn...",
  "rsaAlgorithm": "RSA1_5"
}
[2025-10-19T08:38:37.015Z] ERROR: Error: QueryFailedError: Table 'nts_tpse.tokenrequestorsdetails' doesn't exist
[2025-10-19T08:38:37.015Z] INFO: Batch job completed

[2025-10-19T08:39:55.763Z] INFO: Batch job started
[2025-10-19T08:39:55.763Z] INFO: Found 1 files in 'in' folder
[2025-10-19T08:39:55.763Z] INFO: /home/ruthvikchandravanam/onboarding/onboarding/in/TRX001234567.json
[2025-10-19T08:39:55.764Z] INFO: Processing started
[2025-10-19T08:39:55.764Z] INFO: /home/ruthvikchandravanam/onboarding/onboarding/in/TRX001234567.json
[2025-10-19T08:39:55.764Z] INFO: {
  "tokenRequestorId": "TRX001234567",
  "publicKey": "-----BEGIN PUBLIC KEY-----\nMIIBIjANBgkqhkiG9w0BAQEFAAOCAQ8AMIIBCgKCAQEAn...\n-----END PUBLIC KEY-----",
  "presentationModesSupport": "NFC,QR,InApp",
  "keyId": "key-abc-123",
  "isIssuerWallet": "Y",
  "createdBy": "admin_user",
  "createdDate": "2025-10-11T14:30:00Z",
  "updatedBy": "admin_user",
  "updatedDate": "2025-10-11T15:00:00Z",
  "hashKey": "abc123hashkeyvalue",
  "requestorType": "Bank",
  "tokenServiceDomain": "payments.example.com",
  "tokenRequestorName": "Example Bank",
  "tokenRequestorLogoUrl": "https://example.com/logo.png",
  "tokenRequestorSignatureUrl": "https://example.com/signature.png",
  "tokenRequestorDsAgreementUrl": "https://example.com/agreement.pdf",
  "tokenRequestorDsAgreementId": "AG12345",
  "tokenRequestorDsAgreementVer": "v2.0",
  "tokenRequestorDsAgreementDt": "2025-10-01",
  "issuerSubmittedTokenRequestor": "N",
  "tokenRequestorContactEmail": "contact@example.com",
  "tokenRequestorContactName": "Jane Doe",
  "tokenRequestorContactPhone": "+971501234567",
  "tokenRequestorContactTitle": "Partnership Manager",
  "tokenRequestorContactUrl": "https://example.com/contact",
  "tokenRequestorTokenServiceUrl": "https://api.example.com/token",
  "tokenRequestorTokenServiceVer": "1.0.0",
  "tokenRequestorTokenServiceDt": "2025-09-30",
  "tokenRequestorLogoPath": "/assets/logos/example.png",
  "tokenRequestorSignaturePath": "/assets/signatures/example.png",
  "tokenRequestorDsAgreementPath": "/docs/agreement.pdf",
  "kekId": "kek-001",
  "kekValue": "encrypted-kek-value",
  "dekId": "dek-001",
  "dekValue": "encrypted-dek-value",
  "rsaKey": "MIIBIjANBgkqhkiG9w0BAQEFAAOCAQ8AMIIBCgKCAQEAn...",
  "rsaAlgorithm": "RSA1_5"
}
[2025-10-19T08:39:55.898Z] ERROR: Error: TypeORMError: Connection is not established with mysql database
[2025-10-19T08:39:55.898Z] INFO: Batch job completed

[2025-10-19T08:40:19.524Z] INFO: Batch job started
[2025-10-19T08:40:19.525Z] INFO: Found 1 files in 'in' folder
[2025-10-19T08:40:19.525Z] INFO: /home/ruthvikchandravanam/onboarding/onboarding/in/TRX001234567.json
[2025-10-19T08:40:19.526Z] INFO: Processing started
[2025-10-19T08:40:19.526Z] INFO: /home/ruthvikchandravanam/onboarding/onboarding/in/TRX001234567.json
[2025-10-19T08:40:19.526Z] INFO: {
  "tokenRequestorId": "TRX001234567",
  "publicKey": "-----BEGIN PUBLIC KEY-----\nMIIBIjANBgkqhkiG9w0BAQEFAAOCAQ8AMIIBCgKCAQEAn...\n-----END PUBLIC KEY-----",
  "presentationModesSupport": "NFC,QR,InApp",
  "keyId": "key-abc-123",
  "isIssuerWallet": "Y",
  "createdBy": "admin_user",
  "createdDate": "2025-10-11T14:30:00Z",
  "updatedBy": "admin_user",
  "updatedDate": "2025-10-11T15:00:00Z",
  "hashKey": "abc123hashkeyvalue",
  "requestorType": "Bank",
  "tokenServiceDomain": "payments.example.com",
  "tokenRequestorName": "Example Bank",
  "tokenRequestorLogoUrl": "https://example.com/logo.png",
  "tokenRequestorSignatureUrl": "https://example.com/signature.png",
  "tokenRequestorDsAgreementUrl": "https://example.com/agreement.pdf",
  "tokenRequestorDsAgreementId": "AG12345",
  "tokenRequestorDsAgreementVer": "v2.0",
  "tokenRequestorDsAgreementDt": "2025-10-01",
  "issuerSubmittedTokenRequestor": "N",
  "tokenRequestorContactEmail": "contact@example.com",
  "tokenRequestorContactName": "Jane Doe",
  "tokenRequestorContactPhone": "+971501234567",
  "tokenRequestorContactTitle": "Partnership Manager",
  "tokenRequestorContactUrl": "https://example.com/contact",
  "tokenRequestorTokenServiceUrl": "https://api.example.com/token",
  "tokenRequestorTokenServiceVer": "1.0.0",
  "tokenRequestorTokenServiceDt": "2025-09-30",
  "tokenRequestorLogoPath": "/assets/logos/example.png",
  "tokenRequestorSignaturePath": "/assets/signatures/example.png",
  "tokenRequestorDsAgreementPath": "/docs/agreement.pdf",
  "kekId": "kek-001",
  "kekValue": "encrypted-kek-value",
  "dekId": "dek-001",
  "dekValue": "encrypted-dek-value",
  "rsaKey": "MIIBIjANBgkqhkiG9w0BAQEFAAOCAQ8AMIIBCgKCAQEAn...",
  "rsaAlgorithm": "RSA1_5"
}
[2025-10-19T08:40:19.608Z] INFO: ✅ File moved to: /home/ruthvikchandravanam/onboarding/onboarding/done
[2025-10-19T08:40:19.609Z] INFO: Batch job completed

[2025-10-19T08:46:50.452Z] INFO: Batch job started
[2025-10-19T08:46:50.453Z] INFO: Found 0 files in 'in' folder
[2025-10-19T08:46:50.454Z] INFO: Processing started
[2025-10-19T08:46:50.514Z] INFO: Batch job completed

[2025-10-19T08:53:51.439Z] INFO: Batch job started
[2025-10-19T08:53:51.440Z] INFO: Found 0 files in 'in' folder
[2025-10-19T08:53:51.440Z] INFO: Processing started
[2025-10-19T08:53:51.443Z] INFO: Batch job completed

[2025-10-19T08:54:22.462Z] INFO: Batch job started
[2025-10-19T08:54:22.463Z] INFO: Found 0 files in 'in' folder
[2025-10-19T08:54:22.464Z] INFO: Processing started
[2025-10-19T08:54:22.464Z] INFO: Batch job completed
